{"target": -1.6358249934745746, "params": {"C": 41.70220630003735, "alphanumeric": 0.7203244934421581, "category": 9.000011437481735, "class_weight": 0.30233257263183977, "danish": 0.14675589081711304, "dutch": 0.0923385947687978, "english": 0.1862602113776709, "finnish": 0.34556072704304774, "french": 0.39676747423066994, "german": 0.538816734003357, "italian": 0.4191945144032948, "lowercase": 0.6852195003967595, "max_iter": 2052.477974817859, "new_lines": 0.8781174363909454, "ngram_range": 0.027387593197926163, "non_ascii": 0.6704675101784022, "norwegian": 0.41730480236712697, "portuguese": 0.5586898284457517, "punctuation_and_lower_cased": 0.14038693859523377, "romanian": 0.1981014890848788, "solver": 0.8007445686755367, "spanish": 0.9682615757193975, "strip_accents": 0.31342417815924284, "swedish": 0.6923226156693141, "vectorizer_selection": 0.8763891522960383, "warm_start": 0.8946066635038473}, "datetime": {"datetime": "2021-09-08 02:22:04", "elapsed": 0.0, "delta": 0.0}}
{"target": -1.4697542885508625, "params": {"C": 8.504430286535676, "alphanumeric": 0.03905478323288236, "category": 9.016983041956458, "class_weight": 0.8781425034294131, "danish": 0.0983468338330501, "dutch": 0.42110762500505217, "english": 0.9578895301505019, "finnish": 0.5331652849730171, "french": 0.6918771139504734, "german": 0.31551563100606295, "italian": 0.6865009276815837, "lowercase": 0.8346256718973729, "max_iter": 192.69989066847614, "new_lines": 0.7501443149449675, "ngram_range": 0.9888610889064947, "non_ascii": 0.7481656543798394, "norwegian": 0.2804439920644052, "portuguese": 0.7892793284514885, "punctuation_and_lower_cased": 0.10322600657764203, "romanian": 0.44789352617590517, "solver": 0.9085955030930956, "spanish": 0.2936141483736795, "strip_accents": 0.28777533858634874, "swedish": 0.13002857211827767, "vectorizer_selection": 0.019366957870297075, "warm_start": 0.678835532939891}, "datetime": {"datetime": "2021-09-08 02:22:31", "elapsed": 26.703836, "delta": 26.703836}}
{"target": -1.356094633116557, "params": {"C": 12.08347719703685, "alphanumeric": 0.5096141154371496, "category": 9.099552202637582, "class_weight": 0.4814295165092777, "danish": 0.8378127539029595, "dutch": 0.6036554518101519, "english": 0.6643749440180993, "finnish": 0.27246139216070286, "french": 0.8309332483397108, "german": 0.24446629280188226, "italian": 0.673362439399853, "lowercase": 0.0881300683121029, "max_iter": 198.3319420913921, "new_lines": 0.47234621267571597, "ngram_range": 0.9389951304571027, "non_ascii": 0.3255748194398318, "norwegian": 0.32215301870112867, "portuguese": 0.052030723790467026, "punctuation_and_lower_cased": 0.6752856064960998, "romanian": 0.7217406611930467, "solver": 0.9037177504667223, "spanish": 0.43714861121731796, "strip_accents": 0.10951666213733291, "swedish": 0.037607057994800464, "vectorizer_selection": 0.8807689064851337, "warm_start": 0.6522556436427864}, "datetime": {"datetime": "2021-09-08 02:23:01", "elapsed": 56.605898, "delta": 29.902062}}
{"target": -1.777171260596186, "params": {"C": 0.8953709589130787, "alphanumeric": 0.8450169637994586, "category": 9.048953025771617, "class_weight": 0.1645116015389596, "danish": 0.9091930763535507, "dutch": 0.8851081427301998, "english": 0.06138200806720295, "finnish": 0.9640460574231703, "french": 0.6955321117820364, "german": 0.43412766665815217, "italian": 0.7048227914528143, "lowercase": 0.5934095884754684, "max_iter": 192.32152467891532, "new_lines": 0.1117433960102665, "ngram_range": 0.4803658675888681, "non_ascii": 0.3292843122775876, "norwegian": 0.7176216717100055, "portuguese": 0.49007129909717595, "punctuation_and_lower_cased": 0.7803880160354396, "romanian": 0.06085073424787035, "solver": 0.18815032431894585, "spanish": 0.6798564852684676, "strip_accents": 0.6289428886390985, "swedish": 0.9209042969822407, "vectorizer_selection": 0.43382905104988123, "warm_start": 0.5213544686629907}, "datetime": {"datetime": "2021-09-08 02:23:29", "elapsed": 84.896351, "delta": 28.290453}}
{"target": -1.4163987340315782, "params": {"C": 79.86099142930952, "alphanumeric": 0.3519797888077364, "category": 9.08245171429894, "class_weight": 0.49368607908078543, "danish": 0.9351884453229523, "dutch": 0.5422138817190012, "english": 0.8844559730599307, "finnish": 0.5175606598393916, "french": 0.06445570448048321, "german": 0.39889361306639814, "italian": 0.02897938803161093, "lowercase": 0.37317447760685385, "max_iter": 179.9418279018489, "new_lines": 0.7109701696762764, "ngram_range": 0.3975920179953165, "non_ascii": 0.42846969612316566, "norwegian": 0.8783447502785376, "portuguese": 0.3028362287883528, "punctuation_and_lower_cased": 0.8569912059214624, "romanian": 0.49494306634585894, "solver": 0.3248338655224208, "spanish": 0.06901143405117793, "strip_accents": 0.03425786198841396, "swedish": 0.05294847301885286, "vectorizer_selection": 0.5618740710862372, "warm_start": 0.9843112126868768}, "datetime": {"datetime": "2021-09-08 02:24:05", "elapsed": 120.462876, "delta": 35.566525}}
{"target": -1.3135985540928248, "params": {"C": 75.84814821156696, "alphanumeric": 0.5847910380183863, "category": 9.083605932561799, "class_weight": 0.711650845304026, "danish": 0.9201091746650969, "dutch": 0.08248527913935277, "english": 0.5069979845554774, "finnish": 0.7014441876133521, "french": 0.6139933223100776, "german": 0.6226611243370991, "italian": 0.06795960872798779, "lowercase": 0.506777258648012, "max_iter": 176.58064528803544, "new_lines": 0.6897228537223945, "ngram_range": 0.23352375662367808, "non_ascii": 0.3721135648370395, "norwegian": 0.8432696889953234, "portuguese": 0.4447625699856561, "punctuation_and_lower_cased": 0.7412624631515022, "romanian": 0.23123159594091125, "solver": 0.15425149946863037, "spanish": 0.1038157622363538, "strip_accents": 0.3181514633947481, "swedish": 0.771849226524459, "vectorizer_selection": 0.20886841901709696, "warm_start": 0.8516942578660164}, "datetime": {"datetime": "2021-09-08 02:24:31", "elapsed": 147.207097, "delta": 26.744221}}
{"target": -1.9066554717581727, "params": {"C": 66.2206686131021, "alphanumeric": 0.8791233208259767, "category": 9.0934554244556, "class_weight": 0.37709861884765217, "danish": 0.5534992413448201, "dutch": 0.041125278599722814, "english": 0.7452745436993806, "finnish": 0.31496955714109154, "french": 0.9122061788307136, "german": 0.8560697293938949, "italian": 0.7205366599922095, "lowercase": 0.3168437830089429, "max_iter": 56.609748843494074, "new_lines": 0.5525661770952389, "ngram_range": 0.30247059812919685, "non_ascii": 0.950041395617773, "norwegian": 0.9555887394704262, "portuguese": 0.47108781966415825, "punctuation_and_lower_cased": 0.5170363865709009, "romanian": 0.1387118474396959, "solver": 0.2623844505144296, "spanish": 0.8651170904547144, "strip_accents": 0.4231050500588027, "swedish": 0.6716588862469977, "vectorizer_selection": 0.9949955879849761, "warm_start": 0.938088095343083}, "datetime": {"datetime": "2021-09-08 02:24:58", "elapsed": 173.981116, "delta": 26.774019}}
