{"target": -3.1599599743466404, "params": {"C": 41.70220630003735, "alphanumeric": 0.7203244934421581, "category": 12.000011437481735, "class_weight": 0.30233257263183977, "danish": 0.14675589081711304, "dutch": 0.0923385947687978, "english": 0.1862602113776709, "finnish": 0.34556072704304774, "french": 0.39676747423066994, "german": 0.538816734003357, "italian": 0.4191945144032948, "lowercase": 0.6852195003967595, "max_iter": 2052.477974817859, "new_lines": 0.8781174363909454, "ngram_range": 0.027387593197926163, "non_ascii": 0.6704675101784022, "norwegian": 0.41730480236712697, "portuguese": 0.5586898284457517, "punctuation_and_lower_cased": 0.14038693859523377, "romanian": 0.1981014890848788, "solver": 0.8007445686755367, "spanish": 0.9682615757193975, "strip_accents": 0.31342417815924284, "swedish": 0.6923226156693141, "vectorizer_selection": 0.8763891522960383, "warm_start": 0.8946066635038473}, "datetime": {"datetime": "2021-09-08 02:34:03", "elapsed": 0.0, "delta": 0.0}}
{"target": -3.153994444444161, "params": {"C": 8.504430286535676, "alphanumeric": 0.03905478323288236, "category": 12.016983041956458, "class_weight": 0.8781425034294131, "danish": 0.0983468338330501, "dutch": 0.42110762500505217, "english": 0.9578895301505019, "finnish": 0.5331652849730171, "french": 0.6918771139504734, "german": 0.31551563100606295, "italian": 0.6865009276815837, "lowercase": 0.8346256718973729, "max_iter": 192.69989066847614, "new_lines": 0.7501443149449675, "ngram_range": 0.9888610889064947, "non_ascii": 0.7481656543798394, "norwegian": 0.2804439920644052, "portuguese": 0.7892793284514885, "punctuation_and_lower_cased": 0.10322600657764203, "romanian": 0.44789352617590517, "solver": 0.9085955030930956, "spanish": 0.2936141483736795, "strip_accents": 0.28777533858634874, "swedish": 0.13002857211827767, "vectorizer_selection": 0.019366957870297075, "warm_start": 0.678835532939891}, "datetime": {"datetime": "2021-09-08 02:34:29", "elapsed": 26.717723, "delta": 26.717723}}
{"target": -3.0848106063246887, "params": {"C": 12.08347719703685, "alphanumeric": 0.5096141154371496, "category": 12.099552202637582, "class_weight": 0.4814295165092777, "danish": 0.8378127539029595, "dutch": 0.6036554518101519, "english": 0.6643749440180993, "finnish": 0.27246139216070286, "french": 0.8309332483397108, "german": 0.24446629280188226, "italian": 0.673362439399853, "lowercase": 0.0881300683121029, "max_iter": 198.3319420913921, "new_lines": 0.47234621267571597, "ngram_range": 0.9389951304571027, "non_ascii": 0.3255748194398318, "norwegian": 0.32215301870112867, "portuguese": 0.052030723790467026, "punctuation_and_lower_cased": 0.6752856064960998, "romanian": 0.7217406611930467, "solver": 0.9037177504667223, "spanish": 0.43714861121731796, "strip_accents": 0.10951666213733291, "swedish": 0.037607057994800464, "vectorizer_selection": 0.8807689064851337, "warm_start": 0.6522556436427864}, "datetime": {"datetime": "2021-09-08 02:34:59", "elapsed": 56.178528, "delta": 29.460805}}
{"target": -3.1065586971897106, "params": {"C": 32.63200890546343, "alphanumeric": 0.8654656556964564, "category": 12.097062863622854, "class_weight": 0.8210860433629192, "danish": 0.5057318864225533, "dutch": 0.04335130999544223, "english": 0.2897989956317579, "finnish": 0.5561365007170344, "french": 0.8652365894325716, "german": 0.07494509934174509, "italian": 0.1213081284333487, "lowercase": 0.6948668177189553, "max_iter": 8886.432673878966, "new_lines": 0.46522894215518407, "ngram_range": 0.8014896328233194, "non_ascii": 0.5122731845655323, "norwegian": 0.14416979512007488, "portuguese": 0.05353468645613835, "punctuation_and_lower_cased": 0.6991229830428253, "romanian": 0.7943597613065203, "solver": 0.638815414662603, "spanish": 0.9078005299094806, "strip_accents": 0.6127734317136551, "swedish": 0.39155662115637424, "vectorizer_selection": 0.1144248446163284, "warm_start": 0.7353973945412164}, "datetime": {"datetime": "2021-09-08 02:35:28", "elapsed": 85.480763, "delta": 29.302235}}
{"target": -3.4713172385586093, "params": {"C": 100.0, "alphanumeric": 1.0, "category": 12.1, "class_weight": 0.0, "danish": 1.0, "dutch": 1.0, "english": 0.0, "finnish": 0.0, "french": 1.0, "german": 0.0, "italian": 0.1728653492357174, "lowercase": 0.0, "max_iter": 415.29497839685945, "new_lines": 0.0, "ngram_range": 0.0, "non_ascii": 0.0, "norwegian": 1.0, "portuguese": 0.0, "punctuation_and_lower_cased": 1.0, "romanian": 1.0, "solver": 0.6900462922149564, "spanish": 1.0, "strip_accents": 0.0, "swedish": 0.0, "vectorizer_selection": 1.0, "warm_start": 0.0}, "datetime": {"datetime": "2021-09-08 02:36:04", "elapsed": 121.701884, "delta": 36.221121}}
{"target": -3.4337627342314363, "params": {"C": 29.955824445300838, "alphanumeric": 0.055363747365579585, "category": 12.099289064459777, "class_weight": 0.4573581709407851, "danish": 0.8267974606586027, "dutch": 0.837710707352546, "english": 0.4077833027509862, "finnish": 0.5383260508108537, "french": 0.8614530137471081, "german": 0.638646804799059, "italian": 0.7399906702713838, "lowercase": 0.2192833618432526, "max_iter": 8884.934667686655, "new_lines": 0.7222613624221336, "ngram_range": 0.14704920082198225, "non_ascii": 0.3600417779624848, "norwegian": 0.6827972469361305, "portuguese": 0.019387350204230658, "punctuation_and_lower_cased": 0.9797478252318889, "romanian": 0.6438656430959719, "solver": 0.6771667956013057, "spanish": 0.5954694516455333, "strip_accents": 0.1696110622777467, "swedish": 0.885188479098432, "vectorizer_selection": 0.3398675119722876, "warm_start": 0.5117932133551016}, "datetime": {"datetime": "2021-09-08 02:40:05", "elapsed": 362.227179, "delta": 240.525295}}
{"target": -3.0917340862849563, "params": {"C": 59.625727962363506, "alphanumeric": 1.0, "category": 12.075113866817137, "class_weight": 1.0, "danish": 0.0, "dutch": 0.0, "english": 0.0, "finnish": 0.7358971885430301, "french": 0.9084350396218127, "german": 0.0, "italian": 0.0, "lowercase": 1.0, "max_iter": 8901.52727219647, "new_lines": 0.0, "ngram_range": 1.0, "non_ascii": 1.0, "norwegian": 0.0, "portuguese": 0.39694618042655216, "punctuation_and_lower_cased": 0.0, "romanian": 1.0, "solver": 0.2515545856513928, "spanish": 1.0, "strip_accents": 1.0, "swedish": 0.0, "vectorizer_selection": 0.0, "warm_start": 1.0}, "datetime": {"datetime": "2021-09-08 02:40:38", "elapsed": 395.721505, "delta": 33.494326}}
