{"target": -3.2034498248961767, "params": {"C": 41.70220630003735, "alphanumeric": 0.7203244934421581, "category": 8.000011437481735, "class_weight": 0.30233257263183977, "danish": 0.14675589081711304, "dutch": 0.0923385947687978, "english": 0.1862602113776709, "finnish": 0.34556072704304774, "french": 0.39676747423066994, "german": 0.538816734003357, "italian": 0.4191945144032948, "lowercase": 0.6852195003967595, "max_iter": 2052.477974817859, "new_lines": 0.8781174363909454, "ngram_range": 0.027387593197926163, "non_ascii": 0.6704675101784022, "norwegian": 0.41730480236712697, "portuguese": 0.5586898284457517, "punctuation_and_lower_cased": 0.14038693859523377, "romanian": 0.1981014890848788, "solver": 0.8007445686755367, "spanish": 0.9682615757193975, "strip_accents": 0.31342417815924284, "swedish": 0.6923226156693141, "vectorizer_selection": 0.8763891522960383, "warm_start": 0.8946066635038473}, "datetime": {"datetime": "2021-09-08 02:18:05", "elapsed": 0.0, "delta": 0.0}}
{"target": -3.375398504424362, "params": {"C": 8.504430286535676, "alphanumeric": 0.03905478323288236, "category": 8.016983041956458, "class_weight": 0.8781425034294131, "danish": 0.0983468338330501, "dutch": 0.42110762500505217, "english": 0.9578895301505019, "finnish": 0.5331652849730171, "french": 0.6918771139504734, "german": 0.31551563100606295, "italian": 0.6865009276815837, "lowercase": 0.8346256718973729, "max_iter": 192.69989066847614, "new_lines": 0.7501443149449675, "ngram_range": 0.9888610889064947, "non_ascii": 0.7481656543798394, "norwegian": 0.2804439920644052, "portuguese": 0.7892793284514885, "punctuation_and_lower_cased": 0.10322600657764203, "romanian": 0.44789352617590517, "solver": 0.9085955030930956, "spanish": 0.2936141483736795, "strip_accents": 0.28777533858634874, "swedish": 0.13002857211827767, "vectorizer_selection": 0.019366957870297075, "warm_start": 0.678835532939891}, "datetime": {"datetime": "2021-09-08 02:18:31", "elapsed": 26.869031, "delta": 26.869031}}
{"target": -2.831795834030206, "params": {"C": 43.30137028177701, "alphanumeric": 0.2485842880438014, "category": 8.089887509509436, "class_weight": 0.5107854277216805, "danish": 0.3870324736877462, "dutch": 0.3584898590203538, "english": 0.6871712192979259, "finnish": 0.6817256080401193, "french": 0.018146283604824398, "german": 0.23040822379072468, "italian": 0.5179521911825415, "lowercase": 0.8921983530102537, "max_iter": 2060.217887627293, "new_lines": 0.556061826684543, "ngram_range": 0.17843370428316696, "non_ascii": 0.45458873682772405, "norwegian": 0.47002349994881565, "portuguese": 0.2016652817458171, "punctuation_and_lower_cased": 0.7149577450886361, "romanian": 0.09593805024440816, "solver": 0.9968904456390921, "spanish": 0.2224124562141485, "strip_accents": 0.15275896032840175, "swedish": 0.5427319387597093, "vectorizer_selection": 0.21882614083560625, "warm_start": 0.8885250793342642}, "datetime": {"datetime": "2021-09-08 02:19:00", "elapsed": 55.70064, "delta": 28.831609}}
{"target": -3.527612453085176, "params": {"C": 32.63200890546343, "alphanumeric": 0.8654656556964564, "category": 8.097062863622854, "class_weight": 0.8210860433629192, "danish": 0.5057318864225533, "dutch": 0.04335130999544223, "english": 0.2897989956317579, "finnish": 0.5561365007170344, "french": 0.8652365894325716, "german": 0.07494509934174509, "italian": 0.1213081284333487, "lowercase": 0.6948668177189553, "max_iter": 8886.432673878966, "new_lines": 0.46522894215518407, "ngram_range": 0.8014896328233194, "non_ascii": 0.5122731845655323, "norwegian": 0.14416979512007488, "portuguese": 0.05353468645613835, "punctuation_and_lower_cased": 0.6991229830428253, "romanian": 0.7943597613065203, "solver": 0.638815414662603, "spanish": 0.9078005299094806, "strip_accents": 0.6127734317136551, "swedish": 0.39155662115637424, "vectorizer_selection": 0.1144248446163284, "warm_start": 0.7353973945412164}, "datetime": {"datetime": "2021-09-08 02:19:30", "elapsed": 85.294092, "delta": 29.593452}}
{"target": -2.707260585051047, "params": {"C": 37.13450677512729, "alphanumeric": 0.18144324363591013, "category": 8.030010485340263, "class_weight": 0.1855791498572883, "danish": 0.5019612333322208, "dutch": 0.04856253938595667, "english": 0.16076580445617683, "finnish": 0.5541344627338674, "french": 0.9462437520745227, "german": 0.6333083480240216, "italian": 0.9196469370291733, "lowercase": 0.6301277452426327, "max_iter": 2061.2905717518915, "new_lines": 0.322407233709163, "ngram_range": 0.47061139752797887, "non_ascii": 0.8831653039296167, "norwegian": 0.08365694485924013, "portuguese": 0.012892217599317357, "punctuation_and_lower_cased": 0.288385967674437, "romanian": 0.910832770417297, "solver": 0.8179434679164627, "spanish": 0.3747883641549692, "strip_accents": 0.9723039800884263, "swedish": 0.9159350880024347, "vectorizer_selection": 0.1287425529183187, "warm_start": 0.888110013009167}, "datetime": {"datetime": "2021-09-08 02:20:00", "elapsed": 115.915197, "delta": 30.621105}}
{"target": -2.6390525142172594, "params": {"C": 43.03239289379147, "alphanumeric": 0.260620047015481, "category": 8.029719559759386, "class_weight": 0.41731845689370983, "danish": 0.3556649660589606, "dutch": 0.03033159755247361, "english": 0.8800708592361611, "finnish": 0.9883782481151575, "french": 0.34876875074384883, "german": 0.9851383680857884, "italian": 0.5888553379246948, "lowercase": 0.06849624845769442, "max_iter": 2061.766187548448, "new_lines": 0.8853533535555896, "ngram_range": 0.3849707948960983, "non_ascii": 0.835888698136478, "norwegian": 0.6602375817290291, "portuguese": 0.8768225977009758, "punctuation_and_lower_cased": 0.58995763866758, "romanian": 0.6658986215364854, "solver": 0.9422454996126242, "spanish": 0.2911699331538812, "strip_accents": 0.8810379666341225, "swedish": 0.5863971814967952, "vectorizer_selection": 0.7958149549511098, "warm_start": 0.833141998370641}, "datetime": {"datetime": "2021-09-08 02:20:48", "elapsed": 163.977915, "delta": 48.062718}}
{"target": -3.5127841748659265, "params": {"C": 37.45030144870337, "alphanumeric": 0.8762907444237561, "category": 8.096008630814435, "class_weight": 0.8127916096873473, "danish": 0.9075475307898924, "dutch": 0.9096182382467211, "english": 0.22495562136193636, "finnish": 0.6163203763876863, "french": 0.4933010179461146, "german": 0.47388844731473534, "italian": 0.6903987678524096, "lowercase": 0.41915440162530326, "max_iter": 2096.9434688942565, "new_lines": 0.6769970917798618, "ngram_range": 0.9139314917216504, "non_ascii": 0.6754366395426475, "norwegian": 0.26737352275255233, "portuguese": 0.36905576224576864, "punctuation_and_lower_cased": 0.31827486507437497, "romanian": 0.3875446990760901, "solver": 0.9577262843124078, "spanish": 0.42255781222497846, "strip_accents": 0.5722732392626563, "swedish": 0.6606166639779316, "vectorizer_selection": 0.9937558118696208, "warm_start": 0.3213852595440496}, "datetime": {"datetime": "2021-09-08 02:21:23", "elapsed": 198.035663, "delta": 34.057748}}
