{"target": -1.7890296135115946, "params": {"C": 41.70220630003735, "alphanumeric": 0.7203244934421581, "category": 18.000011437481735, "class_weight": 0.30233257263183977, "danish": 0.14675589081711304, "dutch": 0.0923385947687978, "english": 0.1862602113776709, "finnish": 0.34556072704304774, "french": 0.39676747423066994, "german": 0.538816734003357, "italian": 0.4191945144032948, "lowercase": 0.6852195003967595, "max_iter": 2052.477974817859, "new_lines": 0.8781174363909454, "ngram_range": 0.027387593197926163, "non_ascii": 0.6704675101784022, "norwegian": 0.41730480236712697, "portuguese": 0.5586898284457517, "punctuation_and_lower_cased": 0.14038693859523377, "romanian": 0.1981014890848788, "solver": 0.8007445686755367, "spanish": 0.9682615757193975, "strip_accents": 0.31342417815924284, "swedish": 0.6923226156693141, "vectorizer_selection": 0.8763891522960383, "warm_start": 0.8946066635038473}, "datetime": {"datetime": "2021-09-08 03:03:38", "elapsed": 0.0, "delta": 0.0}}
{"target": -2.0351271995094473, "params": {"C": 8.504430286535676, "alphanumeric": 0.03905478323288236, "category": 18.016983041956458, "class_weight": 0.8781425034294131, "danish": 0.0983468338330501, "dutch": 0.42110762500505217, "english": 0.9578895301505019, "finnish": 0.5331652849730171, "french": 0.6918771139504734, "german": 0.31551563100606295, "italian": 0.6865009276815837, "lowercase": 0.8346256718973729, "max_iter": 192.69989066847614, "new_lines": 0.7501443149449675, "ngram_range": 0.9888610889064947, "non_ascii": 0.7481656543798394, "norwegian": 0.2804439920644052, "portuguese": 0.7892793284514885, "punctuation_and_lower_cased": 0.10322600657764203, "romanian": 0.44789352617590517, "solver": 0.9085955030930956, "spanish": 0.2936141483736795, "strip_accents": 0.28777533858634874, "swedish": 0.13002857211827767, "vectorizer_selection": 0.019366957870297075, "warm_start": 0.678835532939891}, "datetime": {"datetime": "2021-09-08 03:04:05", "elapsed": 26.881371, "delta": 26.881371}}
{"target": -1.4005768030909238, "params": {"C": 43.30137028177701, "alphanumeric": 0.2485842880438014, "category": 18.08988750950944, "class_weight": 0.5107854277216805, "danish": 0.3870324736877462, "dutch": 0.3584898590203538, "english": 0.6871712192979259, "finnish": 0.6817256080401193, "french": 0.018146283604824398, "german": 0.23040822379072468, "italian": 0.5179521911825415, "lowercase": 0.8921983530102537, "max_iter": 2060.217887627293, "new_lines": 0.556061826684543, "ngram_range": 0.17843370428316696, "non_ascii": 0.45458873682772405, "norwegian": 0.47002349994881565, "portuguese": 0.2016652817458171, "punctuation_and_lower_cased": 0.7149577450886361, "romanian": 0.09593805024440816, "solver": 0.9968904456390921, "spanish": 0.2224124562141485, "strip_accents": 0.15275896032840175, "swedish": 0.5427319387597093, "vectorizer_selection": 0.21882614083560625, "warm_start": 0.8885250793342642}, "datetime": {"datetime": "2021-09-08 03:04:34", "elapsed": 55.698511, "delta": 28.81714}}
{"target": -1.9896609457491798, "params": {"C": 32.63200890546343, "alphanumeric": 0.8654656556964564, "category": 18.097062863622856, "class_weight": 0.8210860433629192, "danish": 0.5057318864225533, "dutch": 0.04335130999544223, "english": 0.2897989956317579, "finnish": 0.5561365007170344, "french": 0.8652365894325716, "german": 0.07494509934174509, "italian": 0.1213081284333487, "lowercase": 0.6948668177189553, "max_iter": 8886.432673878966, "new_lines": 0.46522894215518407, "ngram_range": 0.8014896328233194, "non_ascii": 0.5122731845655323, "norwegian": 0.14416979512007488, "portuguese": 0.05353468645613835, "punctuation_and_lower_cased": 0.6991229830428253, "romanian": 0.7943597613065203, "solver": 0.638815414662603, "spanish": 0.9078005299094806, "strip_accents": 0.6127734317136551, "swedish": 0.39155662115637424, "vectorizer_selection": 0.1144248446163284, "warm_start": 0.7353973945412164}, "datetime": {"datetime": "2021-09-08 03:05:04", "elapsed": 85.392772, "delta": 29.694261}}
{"target": -1.5280842346888355, "params": {"C": 37.13450677512729, "alphanumeric": 0.18144324363591013, "category": 18.030010485340263, "class_weight": 0.1855791498572883, "danish": 0.5019612333322208, "dutch": 0.04856253938595667, "english": 0.16076580445617683, "finnish": 0.5541344627338674, "french": 0.9462437520745227, "german": 0.6333083480240216, "italian": 0.9196469370291733, "lowercase": 0.6301277452426327, "max_iter": 2061.2905717518915, "new_lines": 0.322407233709163, "ngram_range": 0.47061139752797887, "non_ascii": 0.8831653039296167, "norwegian": 0.08365694485924013, "portuguese": 0.012892217599317357, "punctuation_and_lower_cased": 0.288385967674437, "romanian": 0.910832770417297, "solver": 0.8179434679164627, "spanish": 0.3747883641549692, "strip_accents": 0.9723039800884263, "swedish": 0.9159350880024347, "vectorizer_selection": 0.1287425529183187, "warm_start": 0.888110013009167}, "datetime": {"datetime": "2021-09-08 03:05:34", "elapsed": 115.939822, "delta": 30.54705}}
{"target": -1.4588935922593231, "params": {"C": 43.03239289379147, "alphanumeric": 0.260620047015481, "category": 18.029719559759386, "class_weight": 0.41731845689370983, "danish": 0.3556649660589606, "dutch": 0.03033159755247361, "english": 0.8800708592361611, "finnish": 0.9883782481151575, "french": 0.34876875074384883, "german": 0.9851383680857884, "italian": 0.5888553379246948, "lowercase": 0.06849624845769442, "max_iter": 2061.766187548448, "new_lines": 0.8853533535555896, "ngram_range": 0.3849707948960983, "non_ascii": 0.835888698136478, "norwegian": 0.6602375817290291, "portuguese": 0.8768225977009758, "punctuation_and_lower_cased": 0.58995763866758, "romanian": 0.6658986215364854, "solver": 0.9422454996126242, "spanish": 0.2911699331538812, "strip_accents": 0.8810379666341225, "swedish": 0.5863971814967952, "vectorizer_selection": 0.7958149549511098, "warm_start": 0.833141998370641}, "datetime": {"datetime": "2021-09-08 03:06:26", "elapsed": 167.587645, "delta": 51.647823}}
{"target": -2.100362202404413, "params": {"C": 82.53447374171888, "alphanumeric": 0.15542503808027397, "category": 18.022712299588267, "class_weight": 0.41760390340753706, "danish": 0.4788171671064523, "dutch": 0.556768931840883, "english": 0.04480242928109357, "finnish": 0.8073816961170898, "french": 0.9624891828969292, "german": 0.7220548574079902, "italian": 0.11124080537573822, "lowercase": 0.7490440215438974, "max_iter": 2098.7468300638593, "new_lines": 0.9700954589388652, "ngram_range": 0.7921260478595469, "non_ascii": 0.8930178140918785, "norwegian": 0.5360112458057995, "portuguese": 0.3667612018037466, "punctuation_and_lower_cased": 0.8479626264904638, "romanian": 0.7963755896535643, "solver": 0.39429467810768504, "spanish": 0.6280393822956891, "strip_accents": 0.7357121294658224, "swedish": 0.14212995564928432, "vectorizer_selection": 0.43026098640415744, "warm_start": 0.02004567126195478}, "datetime": {"datetime": "2021-09-08 03:06:58", "elapsed": 200.049112, "delta": 32.461467}}
