{"target": -2.1359585156747913, "params": {"C": 41.70220630003735, "alphanumeric": 0.7203244934421581, "category": 7.000011437481734, "class_weight": 0.30233257263183977, "danish": 0.14675589081711304, "dutch": 0.0923385947687978, "english": 0.1862602113776709, "finnish": 0.34556072704304774, "french": 0.39676747423066994, "german": 0.538816734003357, "italian": 0.4191945144032948, "lowercase": 0.6852195003967595, "max_iter": 2052.477974817859, "new_lines": 0.8781174363909454, "ngram_range": 0.027387593197926163, "non_ascii": 0.6704675101784022, "norwegian": 0.41730480236712697, "portuguese": 0.5586898284457517, "punctuation_and_lower_cased": 0.14038693859523377, "romanian": 0.1981014890848788, "solver": 0.8007445686755367, "spanish": 0.9682615757193975, "strip_accents": 0.31342417815924284, "swedish": 0.6923226156693141, "vectorizer_selection": 0.8763891522960383, "warm_start": 0.8946066635038473}, "datetime": {"datetime": "2021-09-08 02:14:26", "elapsed": 0.0, "delta": 0.0}}
{"target": -1.9619777375563572, "params": {"C": 8.504430286535676, "alphanumeric": 0.03905478323288236, "category": 7.016983041956457, "class_weight": 0.8781425034294131, "danish": 0.0983468338330501, "dutch": 0.42110762500505217, "english": 0.9578895301505019, "finnish": 0.5331652849730171, "french": 0.6918771139504734, "german": 0.31551563100606295, "italian": 0.6865009276815837, "lowercase": 0.8346256718973729, "max_iter": 192.69989066847614, "new_lines": 0.7501443149449675, "ngram_range": 0.9888610889064947, "non_ascii": 0.7481656543798394, "norwegian": 0.2804439920644052, "portuguese": 0.7892793284514885, "punctuation_and_lower_cased": 0.10322600657764203, "romanian": 0.44789352617590517, "solver": 0.9085955030930956, "spanish": 0.2936141483736795, "strip_accents": 0.28777533858634874, "swedish": 0.13002857211827767, "vectorizer_selection": 0.019366957870297075, "warm_start": 0.678835532939891}, "datetime": {"datetime": "2021-09-08 02:14:53", "elapsed": 26.668618, "delta": 26.668618}}
{"target": -1.9619855067827079, "params": {"C": 12.08347719703685, "alphanumeric": 0.5096141154371496, "category": 7.0995522026375815, "class_weight": 0.4814295165092777, "danish": 0.8378127539029595, "dutch": 0.6036554518101519, "english": 0.6643749440180993, "finnish": 0.27246139216070286, "french": 0.8309332483397108, "german": 0.24446629280188226, "italian": 0.673362439399853, "lowercase": 0.0881300683121029, "max_iter": 198.3319420913921, "new_lines": 0.47234621267571597, "ngram_range": 0.9389951304571027, "non_ascii": 0.3255748194398318, "norwegian": 0.32215301870112867, "portuguese": 0.052030723790467026, "punctuation_and_lower_cased": 0.6752856064960998, "romanian": 0.7217406611930467, "solver": 0.9037177504667223, "spanish": 0.43714861121731796, "strip_accents": 0.10951666213733291, "swedish": 0.037607057994800464, "vectorizer_selection": 0.8807689064851337, "warm_start": 0.6522556436427864}, "datetime": {"datetime": "2021-09-08 02:15:23", "elapsed": 56.118559, "delta": 29.449941}}
{"target": -2.601514707864586, "params": {"C": 0.8953709589130787, "alphanumeric": 0.8450169637994586, "category": 7.048953025771617, "class_weight": 0.1645116015389596, "danish": 0.9091930763535507, "dutch": 0.8851081427301998, "english": 0.06138200806720295, "finnish": 0.9640460574231703, "french": 0.6955321117820364, "german": 0.43412766665815217, "italian": 0.7048227914528143, "lowercase": 0.5934095884754684, "max_iter": 192.32152467891532, "new_lines": 0.1117433960102665, "ngram_range": 0.4803658675888681, "non_ascii": 0.3292843122775876, "norwegian": 0.7176216717100055, "portuguese": 0.49007129909717595, "punctuation_and_lower_cased": 0.7803880160354396, "romanian": 0.06085073424787035, "solver": 0.18815032431894585, "spanish": 0.6798564852684676, "strip_accents": 0.6289428886390985, "swedish": 0.9209042969822407, "vectorizer_selection": 0.43382905104988123, "warm_start": 0.5213544686629907}, "datetime": {"datetime": "2021-09-08 02:15:51", "elapsed": 84.328115, "delta": 28.209556}}
{"target": -1.6733721334572267, "params": {"C": 12.167794439757202, "alphanumeric": 0.8679405438936971, "category": 7.070609028853907, "class_weight": 0.8306901784829166, "danish": 0.5237932244354165, "dutch": 0.6898052524768559, "english": 0.3923791780040362, "finnish": 0.3305120395487706, "french": 0.5168237407980187, "german": 0.20529766239840297, "italian": 0.7372347853958116, "lowercase": 0.8124587328373751, "max_iter": 197.05398144862588, "new_lines": 0.9155255448351145, "ngram_range": 0.5953391482681804, "non_ascii": 0.7726774634322826, "norwegian": 0.8215265551818067, "portuguese": 0.7350992799382456, "punctuation_and_lower_cased": 0.10897501123415387, "romanian": 0.20760099139419708, "solver": 0.26052194912268944, "spanish": 0.3391133137974106, "strip_accents": 0.6844490891823067, "swedish": 0.375439079380409, "vectorizer_selection": 0.13457237146457446, "warm_start": 0.760496533626674}, "datetime": {"datetime": "2021-09-08 02:16:24", "elapsed": 117.393982, "delta": 33.065867}}
{"target": -1.6160422699333221, "params": {"C": 35.06534918947995, "alphanumeric": 0.18368572945413808, "category": 7.065008972258438, "class_weight": 0.9391092617950184, "danish": 0.30280240703744743, "dutch": 0.5775358623937152, "english": 0.7449685225871834, "finnish": 0.5231743589739554, "french": 0.6600743553349802, "german": 0.009396874989148318, "italian": 0.3953005789769777, "lowercase": 0.03933971875304676, "max_iter": 193.29783002342188, "new_lines": 0.561676091580009, "ngram_range": 0.6101215221590196, "non_ascii": 0.7824864401345973, "norwegian": 0.5807155807240516, "portuguese": 0.5017255865581497, "punctuation_and_lower_cased": 0.6169822496978602, "romanian": 0.2956856373903183, "solver": 0.6278206270427149, "spanish": 0.07657227691158619, "strip_accents": 0.30028176433135456, "swedish": 0.8564658509442067, "vectorizer_selection": 0.7708133298707462, "warm_start": 0.24703949813387305}, "datetime": {"datetime": "2021-09-08 02:16:57", "elapsed": 150.194285, "delta": 32.800303}}
{"target": -2.602507058323283, "params": {"C": 29.52246826230018, "alphanumeric": 0.35972860929309014, "category": 7.075412050932718, "class_weight": 0.3969354761517061, "danish": 0.9229578554581704, "dutch": 0.04999740854103529, "english": 0.8993069723248938, "finnish": 0.5035901861585471, "french": 0.8990369650601524, "german": 0.8129290768900472, "italian": 0.3491574230285306, "lowercase": 0.5480608186606756, "max_iter": 158.91678142741617, "new_lines": 0.9208904699707162, "ngram_range": 0.08284314803457438, "non_ascii": 0.17586900892923196, "norwegian": 0.3119530691510125, "portuguese": 0.1410202440653594, "punctuation_and_lower_cased": 0.8635576000026361, "romanian": 0.05429484372900362, "solver": 0.8276697233779353, "spanish": 0.2833663287072289, "strip_accents": 0.7689640933867695, "swedish": 0.3484547934016151, "vectorizer_selection": 0.0785630113954916, "warm_start": 0.572548365475416}, "datetime": {"datetime": "2021-09-08 02:17:25", "elapsed": 178.910985, "delta": 28.7167}}
