{"target": -1.0674900736960722, "params": {"C": 41.70220630003735, "alphanumeric": 0.7203244934421581, "category": 15.000011437481735, "class_weight": 0.30233257263183977, "danish": 0.14675589081711304, "dutch": 0.0923385947687978, "english": 0.1862602113776709, "finnish": 0.34556072704304774, "french": 0.39676747423066994, "german": 0.538816734003357, "italian": 0.4191945144032948, "lowercase": 0.6852195003967595, "max_iter": 2052.477974817859, "new_lines": 0.8781174363909454, "ngram_range": 0.027387593197926163, "non_ascii": 0.6704675101784022, "norwegian": 0.41730480236712697, "portuguese": 0.5586898284457517, "punctuation_and_lower_cased": 0.14038693859523377, "romanian": 0.1981014890848788, "solver": 0.8007445686755367, "spanish": 0.9682615757193975, "strip_accents": 0.31342417815924284, "swedish": 0.6923226156693141, "vectorizer_selection": 0.8763891522960383, "warm_start": 0.8946066635038473}, "datetime": {"datetime": "2021-09-08 02:49:07", "elapsed": 0.0, "delta": 0.0}}
{"target": -1.0536372447987237, "params": {"C": 8.504430286535676, "alphanumeric": 0.03905478323288236, "category": 15.016983041956458, "class_weight": 0.8781425034294131, "danish": 0.0983468338330501, "dutch": 0.42110762500505217, "english": 0.9578895301505019, "finnish": 0.5331652849730171, "french": 0.6918771139504734, "german": 0.31551563100606295, "italian": 0.6865009276815837, "lowercase": 0.8346256718973729, "max_iter": 192.69989066847614, "new_lines": 0.7501443149449675, "ngram_range": 0.9888610889064947, "non_ascii": 0.7481656543798394, "norwegian": 0.2804439920644052, "portuguese": 0.7892793284514885, "punctuation_and_lower_cased": 0.10322600657764203, "romanian": 0.44789352617590517, "solver": 0.9085955030930956, "spanish": 0.2936141483736795, "strip_accents": 0.28777533858634874, "swedish": 0.13002857211827767, "vectorizer_selection": 0.019366957870297075, "warm_start": 0.678835532939891}, "datetime": {"datetime": "2021-09-08 02:49:33", "elapsed": 26.115572, "delta": 26.115572}}
{"target": -1.0229970165020228, "params": {"C": 12.08347719703685, "alphanumeric": 0.5096141154371496, "category": 15.099552202637582, "class_weight": 0.4814295165092777, "danish": 0.8378127539029595, "dutch": 0.6036554518101519, "english": 0.6643749440180993, "finnish": 0.27246139216070286, "french": 0.8309332483397108, "german": 0.24446629280188226, "italian": 0.673362439399853, "lowercase": 0.0881300683121029, "max_iter": 198.3319420913921, "new_lines": 0.47234621267571597, "ngram_range": 0.9389951304571027, "non_ascii": 0.3255748194398318, "norwegian": 0.32215301870112867, "portuguese": 0.052030723790467026, "punctuation_and_lower_cased": 0.6752856064960998, "romanian": 0.7217406611930467, "solver": 0.9037177504667223, "spanish": 0.43714861121731796, "strip_accents": 0.10951666213733291, "swedish": 0.037607057994800464, "vectorizer_selection": 0.8807689064851337, "warm_start": 0.6522556436427864}, "datetime": {"datetime": "2021-09-08 02:50:02", "elapsed": 55.719359, "delta": 29.603787}}
{"target": -1.0259654370937605, "params": {"C": 32.63200890546343, "alphanumeric": 0.8654656556964564, "category": 15.097062863622854, "class_weight": 0.8210860433629192, "danish": 0.5057318864225533, "dutch": 0.04335130999544223, "english": 0.2897989956317579, "finnish": 0.5561365007170344, "french": 0.8652365894325716, "german": 0.07494509934174509, "italian": 0.1213081284333487, "lowercase": 0.6948668177189553, "max_iter": 8886.432673878966, "new_lines": 0.46522894215518407, "ngram_range": 0.8014896328233194, "non_ascii": 0.5122731845655323, "norwegian": 0.14416979512007488, "portuguese": 0.05353468645613835, "punctuation_and_lower_cased": 0.6991229830428253, "romanian": 0.7943597613065203, "solver": 0.638815414662603, "spanish": 0.9078005299094806, "strip_accents": 0.6127734317136551, "swedish": 0.39155662115637424, "vectorizer_selection": 0.1144248446163284, "warm_start": 0.7353973945412164}, "datetime": {"datetime": "2021-09-08 02:50:31", "elapsed": 84.505178, "delta": 28.785819}}
{"target": -1.67141923216136, "params": {"C": 100.0, "alphanumeric": 1.0, "category": 15.1, "class_weight": 0.0, "danish": 1.0, "dutch": 1.0, "english": 0.0, "finnish": 0.0, "french": 1.0, "german": 0.0, "italian": 0.0, "lowercase": 0.0, "max_iter": 724.0255257628736, "new_lines": 0.0, "ngram_range": 0.0, "non_ascii": 0.0, "norwegian": 1.0, "portuguese": 0.0, "punctuation_and_lower_cased": 1.0, "romanian": 1.0, "solver": 0.0, "spanish": 1.0, "strip_accents": 0.0, "swedish": 0.0, "vectorizer_selection": 1.0, "warm_start": 0.988200818616704}, "datetime": {"datetime": "2021-09-08 02:50:58", "elapsed": 111.086374, "delta": 26.581196}}
{"target": -2.435465774906384, "params": {"C": 29.955824445300838, "alphanumeric": 0.055363747365579585, "category": 15.099289064459777, "class_weight": 0.4573581709407851, "danish": 0.8267974606586027, "dutch": 0.837710707352546, "english": 0.4077833027509862, "finnish": 0.5383260508108537, "french": 0.8614530137471081, "german": 0.638646804799059, "italian": 0.7399906702713838, "lowercase": 0.2192833618432526, "max_iter": 8884.934667686655, "new_lines": 0.7222613624221336, "ngram_range": 0.14704920082198225, "non_ascii": 0.3600417779624848, "norwegian": 0.6827972469361305, "portuguese": 0.019387350204230658, "punctuation_and_lower_cased": 0.9797478252318889, "romanian": 0.6438656430959719, "solver": 0.6771667956013057, "spanish": 0.5954694516455333, "strip_accents": 0.1696110622777467, "swedish": 0.885188479098432, "vectorizer_selection": 0.3398675119722876, "warm_start": 0.5117932133551016}, "datetime": {"datetime": "2021-09-08 02:54:59", "elapsed": 352.313061, "delta": 241.226687}}
{"target": -0.8628776338936912, "params": {"C": 29.501711019979076, "alphanumeric": 0.7987121036623014, "category": 15.081160267218815, "class_weight": 0.7767078821540666, "danish": 0.4735670863702196, "dutch": 0.7069466160763749, "english": 0.1737011755474741, "finnish": 0.9892125788610306, "french": 0.5972987687195296, "german": 0.3439280862504359, "italian": 0.9854109866862087, "lowercase": 0.8690191060879446, "max_iter": 1181.2664480626465, "new_lines": 0.14669366889574897, "ngram_range": 0.4707649842933418, "non_ascii": 0.041760097618472214, "norwegian": 0.08555568690828985, "portuguese": 0.25773143005196664, "punctuation_and_lower_cased": 0.6305283498445601, "romanian": 0.4317769476646828, "solver": 0.5643162645734405, "spanish": 0.4683942241987592, "strip_accents": 0.32950180179876054, "swedish": 0.743077045726032, "vectorizer_selection": 0.07303980978632407, "warm_start": 0.03810506275287806}, "datetime": {"datetime": "2021-09-08 02:55:29", "elapsed": 382.25466, "delta": 29.941599}}
