{"target": -1.903682072779136, "params": {"C": 41.70220630003735, "alphanumeric": 0.7203244934421581, "category": 3.0000114374817346, "class_weight": 0.30233257263183977, "danish": 0.14675589081711304, "dutch": 0.0923385947687978, "english": 0.1862602113776709, "finnish": 0.34556072704304774, "french": 0.39676747423066994, "german": 0.538816734003357, "italian": 0.4191945144032948, "lowercase": 0.6852195003967595, "max_iter": 2052.477974817859, "new_lines": 0.8781174363909454, "ngram_range": 0.027387593197926163, "non_ascii": 0.6704675101784022, "norwegian": 0.41730480236712697, "portuguese": 0.5586898284457517, "punctuation_and_lower_cased": 0.14038693859523377, "romanian": 0.1981014890848788, "solver": 0.8007445686755367, "spanish": 0.9682615757193975, "strip_accents": 0.31342417815924284, "swedish": 0.6923226156693141, "vectorizer_selection": 0.8763891522960383, "warm_start": 0.8946066635038473}, "datetime": {"datetime": "2021-09-08 01:58:16", "elapsed": 0.0, "delta": 0.0}}
{"target": -2.0548931235392556, "params": {"C": 8.504430286535676, "alphanumeric": 0.03905478323288236, "category": 3.0169830419564567, "class_weight": 0.8781425034294131, "danish": 0.0983468338330501, "dutch": 0.42110762500505217, "english": 0.9578895301505019, "finnish": 0.5331652849730171, "french": 0.6918771139504734, "german": 0.31551563100606295, "italian": 0.6865009276815837, "lowercase": 0.8346256718973729, "max_iter": 192.69989066847614, "new_lines": 0.7501443149449675, "ngram_range": 0.9888610889064947, "non_ascii": 0.7481656543798394, "norwegian": 0.2804439920644052, "portuguese": 0.7892793284514885, "punctuation_and_lower_cased": 0.10322600657764203, "romanian": 0.44789352617590517, "solver": 0.9085955030930956, "spanish": 0.2936141483736795, "strip_accents": 0.28777533858634874, "swedish": 0.13002857211827767, "vectorizer_selection": 0.019366957870297075, "warm_start": 0.678835532939891}, "datetime": {"datetime": "2021-09-08 01:58:42", "elapsed": 26.700897, "delta": 26.700897}}
{"target": -1.6120944080833877, "params": {"C": 43.30137028177701, "alphanumeric": 0.2485842880438014, "category": 3.0898875095094365, "class_weight": 0.5107854277216805, "danish": 0.3870324736877462, "dutch": 0.3584898590203538, "english": 0.6871712192979259, "finnish": 0.6817256080401193, "french": 0.018146283604824398, "german": 0.23040822379072468, "italian": 0.5179521911825415, "lowercase": 0.8921983530102537, "max_iter": 2060.217887627293, "new_lines": 0.556061826684543, "ngram_range": 0.17843370428316696, "non_ascii": 0.45458873682772405, "norwegian": 0.47002349994881565, "portuguese": 0.2016652817458171, "punctuation_and_lower_cased": 0.7149577450886361, "romanian": 0.09593805024440816, "solver": 0.9968904456390921, "spanish": 0.2224124562141485, "strip_accents": 0.15275896032840175, "swedish": 0.5427319387597093, "vectorizer_selection": 0.21882614083560625, "warm_start": 0.8885250793342642}, "datetime": {"datetime": "2021-09-08 01:59:11", "elapsed": 55.173365, "delta": 28.472468}}
{"target": -2.0390775623538486, "params": {"C": 32.63200890546343, "alphanumeric": 0.8654656556964564, "category": 3.0970628636228557, "class_weight": 0.8210860433629192, "danish": 0.5057318864225533, "dutch": 0.04335130999544223, "english": 0.2897989956317579, "finnish": 0.5561365007170344, "french": 0.8652365894325716, "german": 0.07494509934174509, "italian": 0.1213081284333487, "lowercase": 0.6948668177189553, "max_iter": 8886.432673878966, "new_lines": 0.46522894215518407, "ngram_range": 0.8014896328233194, "non_ascii": 0.5122731845655323, "norwegian": 0.14416979512007488, "portuguese": 0.05353468645613835, "punctuation_and_lower_cased": 0.6991229830428253, "romanian": 0.7943597613065203, "solver": 0.638815414662603, "spanish": 0.9078005299094806, "strip_accents": 0.6127734317136551, "swedish": 0.39155662115637424, "vectorizer_selection": 0.1144248446163284, "warm_start": 0.7353973945412164}, "datetime": {"datetime": "2021-09-08 01:59:40", "elapsed": 84.637793, "delta": 29.464428}}
{"target": -2.391968360189469, "params": {"C": 53.63582944255936, "alphanumeric": 0.4125857189671056, "category": 3.0893520811405994, "class_weight": 0.45733364146451505, "danish": 0.8333242804848735, "dutch": 0.9424065376188179, "english": 0.06993374942036423, "finnish": 0.6326856018307139, "french": 0.8060082768349769, "german": 0.05167992812097899, "italian": 0.9602462387458562, "lowercase": 0.5360570240102355, "max_iter": 2111.4229950048257, "new_lines": 0.8565044045362168, "ngram_range": 0.010366184372332166, "non_ascii": 0.5134462112810613, "norwegian": 0.9633499178649035, "portuguese": 0.1647133622234921, "punctuation_and_lower_cased": 0.10977410235340368, "romanian": 0.23339796964586168, "solver": 0.556233636769578, "spanish": 0.6293201751349702, "strip_accents": 0.3354080991369335, "swedish": 0.649629914020419, "vectorizer_selection": 0.9039747937067943, "warm_start": 0.4165034207113264}, "datetime": {"datetime": "2021-09-08 02:00:28", "elapsed": 131.841873, "delta": 47.20408}}
{"target": -1.6526198731108672, "params": {"C": 43.03239289379147, "alphanumeric": 0.260620047015481, "category": 3.0297195597593856, "class_weight": 0.41731845689370983, "danish": 0.3556649660589606, "dutch": 0.03033159755247361, "english": 0.8800708592361611, "finnish": 0.9883782481151575, "french": 0.34876875074384883, "german": 0.9851383680857884, "italian": 0.5888553379246948, "lowercase": 0.06849624845769442, "max_iter": 2061.766187548448, "new_lines": 0.8853533535555896, "ngram_range": 0.3849707948960983, "non_ascii": 0.835888698136478, "norwegian": 0.6602375817290291, "portuguese": 0.8768225977009758, "punctuation_and_lower_cased": 0.58995763866758, "romanian": 0.6658986215364854, "solver": 0.9422454996126242, "spanish": 0.2911699331538812, "strip_accents": 0.8810379666341225, "swedish": 0.5863971814967952, "vectorizer_selection": 0.7958149549511098, "warm_start": 0.833141998370641}, "datetime": {"datetime": "2021-09-08 02:01:19", "elapsed": 183.608104, "delta": 51.766231}}
{"target": -1.484583080751778, "params": {"C": 29.501711019979076, "alphanumeric": 0.7987121036623014, "category": 3.0811602672188143, "class_weight": 0.7767078821540666, "danish": 0.4735670863702196, "dutch": 0.7069466160763749, "english": 0.1737011755474741, "finnish": 0.9892125788610306, "french": 0.5972987687195296, "german": 0.3439280862504359, "italian": 0.9854109866862087, "lowercase": 0.8690191060879446, "max_iter": 1181.2664480626465, "new_lines": 0.14669366889574897, "ngram_range": 0.4707649842933418, "non_ascii": 0.041760097618472214, "norwegian": 0.08555568690828985, "portuguese": 0.25773143005196664, "punctuation_and_lower_cased": 0.6305283498445601, "romanian": 0.4317769476646828, "solver": 0.5643162645734405, "spanish": 0.4683942241987592, "strip_accents": 0.32950180179876054, "swedish": 0.743077045726032, "vectorizer_selection": 0.07303980978632407, "warm_start": 0.03810506275287806}, "datetime": {"datetime": "2021-09-08 02:01:50", "elapsed": 214.165618, "delta": 30.557514}}
