{"target": -7.9310334474990025, "params": {"C": 41.70220630003735, "alphanumeric": 0.7203244934421581, "category": 14.000011437481735, "class_weight": 0.30233257263183977, "danish": 0.14675589081711304, "dutch": 0.0923385947687978, "english": 0.1862602113776709, "finnish": 0.34556072704304774, "french": 0.39676747423066994, "german": 0.538816734003357, "italian": 0.4191945144032948, "lowercase": 0.6852195003967595, "max_iter": 2052.477974817859, "new_lines": 0.8781174363909454, "ngram_range": 0.027387593197926163, "non_ascii": 0.6704675101784022, "norwegian": 0.41730480236712697, "portuguese": 0.5586898284457517, "punctuation_and_lower_cased": 0.14038693859523377, "romanian": 0.1981014890848788, "solver": 0.8007445686755367, "spanish": 0.9682615757193975, "strip_accents": 0.31342417815924284, "swedish": 0.6923226156693141, "vectorizer_selection": 0.8763891522960383, "warm_start": 0.8946066635038473}, "datetime": {"datetime": "2021-09-08 02:45:36", "elapsed": 0.0, "delta": 0.0}}
{"target": -8.33521189205798, "params": {"C": 8.504430286535676, "alphanumeric": 0.03905478323288236, "category": 14.016983041956458, "class_weight": 0.8781425034294131, "danish": 0.0983468338330501, "dutch": 0.42110762500505217, "english": 0.9578895301505019, "finnish": 0.5331652849730171, "french": 0.6918771139504734, "german": 0.31551563100606295, "italian": 0.6865009276815837, "lowercase": 0.8346256718973729, "max_iter": 192.69989066847614, "new_lines": 0.7501443149449675, "ngram_range": 0.9888610889064947, "non_ascii": 0.7481656543798394, "norwegian": 0.2804439920644052, "portuguese": 0.7892793284514885, "punctuation_and_lower_cased": 0.10322600657764203, "romanian": 0.44789352617590517, "solver": 0.9085955030930956, "spanish": 0.2936141483736795, "strip_accents": 0.28777533858634874, "swedish": 0.13002857211827767, "vectorizer_selection": 0.019366957870297075, "warm_start": 0.678835532939891}, "datetime": {"datetime": "2021-09-08 02:46:02", "elapsed": 26.4191, "delta": 26.4191}}
{"target": -7.492158266136258, "params": {"C": 43.30137028177701, "alphanumeric": 0.2485842880438014, "category": 14.089887509509436, "class_weight": 0.5107854277216805, "danish": 0.3870324736877462, "dutch": 0.3584898590203538, "english": 0.6871712192979259, "finnish": 0.6817256080401193, "french": 0.018146283604824398, "german": 0.23040822379072468, "italian": 0.5179521911825415, "lowercase": 0.8921983530102537, "max_iter": 2060.217887627293, "new_lines": 0.556061826684543, "ngram_range": 0.17843370428316696, "non_ascii": 0.45458873682772405, "norwegian": 0.47002349994881565, "portuguese": 0.2016652817458171, "punctuation_and_lower_cased": 0.7149577450886361, "romanian": 0.09593805024440816, "solver": 0.9968904456390921, "spanish": 0.2224124562141485, "strip_accents": 0.15275896032840175, "swedish": 0.5427319387597093, "vectorizer_selection": 0.21882614083560625, "warm_start": 0.8885250793342642}, "datetime": {"datetime": "2021-09-08 02:46:31", "elapsed": 54.847531, "delta": 28.428431}}
{"target": -8.384643784791063, "params": {"C": 32.63200890546343, "alphanumeric": 0.8654656556964564, "category": 14.097062863622854, "class_weight": 0.8210860433629192, "danish": 0.5057318864225533, "dutch": 0.04335130999544223, "english": 0.2897989956317579, "finnish": 0.5561365007170344, "french": 0.8652365894325716, "german": 0.07494509934174509, "italian": 0.1213081284333487, "lowercase": 0.6948668177189553, "max_iter": 8886.432673878966, "new_lines": 0.46522894215518407, "ngram_range": 0.8014896328233194, "non_ascii": 0.5122731845655323, "norwegian": 0.14416979512007488, "portuguese": 0.05353468645613835, "punctuation_and_lower_cased": 0.6991229830428253, "romanian": 0.7943597613065203, "solver": 0.638815414662603, "spanish": 0.9078005299094806, "strip_accents": 0.6127734317136551, "swedish": 0.39155662115637424, "vectorizer_selection": 0.1144248446163284, "warm_start": 0.7353973945412164}, "datetime": {"datetime": "2021-09-08 02:47:00", "elapsed": 84.076918, "delta": 29.229387}}
{"target": -6.923826098550615, "params": {"C": 37.13450677512729, "alphanumeric": 0.18144324363591013, "category": 14.030010485340263, "class_weight": 0.1855791498572883, "danish": 0.5019612333322208, "dutch": 0.04856253938595667, "english": 0.16076580445617683, "finnish": 0.5541344627338674, "french": 0.9462437520745227, "german": 0.6333083480240216, "italian": 0.9196469370291733, "lowercase": 0.6301277452426327, "max_iter": 2061.2905717518915, "new_lines": 0.322407233709163, "ngram_range": 0.47061139752797887, "non_ascii": 0.8831653039296167, "norwegian": 0.08365694485924013, "portuguese": 0.012892217599317357, "punctuation_and_lower_cased": 0.288385967674437, "romanian": 0.910832770417297, "solver": 0.8179434679164627, "spanish": 0.3747883641549692, "strip_accents": 0.9723039800884263, "swedish": 0.9159350880024347, "vectorizer_selection": 0.1287425529183187, "warm_start": 0.888110013009167}, "datetime": {"datetime": "2021-09-08 02:47:30", "elapsed": 114.158474, "delta": 30.081556}}
{"target": -7.889529489961721, "params": {"C": 21.882490970518912, "alphanumeric": 0.9637562156409853, "category": 14.02665880180207, "class_weight": 0.43287604102952504, "danish": 0.0967316548829491, "dutch": 0.2458464537786974, "english": 0.6829877045412406, "finnish": 0.8189740083216305, "french": 0.26983556073959447, "german": 0.9699685071584758, "italian": 0.8334863363747762, "lowercase": 0.2405659311960865, "max_iter": 2075.5046523801443, "new_lines": 0.3952996334537886, "ngram_range": 0.256713504328585, "non_ascii": 0.033099044597490246, "norwegian": 0.4675037213613429, "portuguese": 0.09036412863220755, "punctuation_and_lower_cased": 0.48419325328667107, "romanian": 0.7876327292178916, "solver": 0.3243416275163258, "spanish": 0.26817613898251513, "strip_accents": 0.3371755921000701, "swedish": 0.03206128520927698, "vectorizer_selection": 0.17412738912071757, "warm_start": 0.5562497878253326}, "datetime": {"datetime": "2021-09-08 02:47:58", "elapsed": 142.569608, "delta": 28.411134}}
{"target": -7.9142350292920325, "params": {"C": 45.75359906278007, "alphanumeric": 0.6420141730219153, "category": 14.090779062580662, "class_weight": 0.10500878750545395, "danish": 0.6863407182092119, "dutch": 0.8660026245695421, "english": 0.5903493662585446, "finnish": 0.25839716297693405, "french": 0.6610170242382698, "german": 0.3110469096947577, "italian": 0.24100048697892007, "lowercase": 0.18050082978727022, "max_iter": 2087.823224909885, "new_lines": 0.9892904951573519, "ngram_range": 0.024957258186833475, "non_ascii": 0.5199959238176014, "norwegian": 0.3885733126962633, "portuguese": 0.37853254298523653, "punctuation_and_lower_cased": 0.9352022928612462, "romanian": 0.4364946974510854, "solver": 0.19509537672335453, "spanish": 0.8031187981101882, "strip_accents": 0.10902616950455424, "swedish": 0.8001657182280979, "vectorizer_selection": 0.45316176099172967, "warm_start": 0.5574718279879821}, "datetime": {"datetime": "2021-09-08 02:48:25", "elapsed": 169.057527, "delta": 26.487919}}
