{"target": -3.4555033472062577, "params": {"C": 41.70220630003735, "alphanumeric": 0.7203244934421581, "category": 16.000011437481735, "class_weight": 0.30233257263183977, "danish": 0.14675589081711304, "dutch": 0.0923385947687978, "english": 0.1862602113776709, "finnish": 0.34556072704304774, "french": 0.39676747423066994, "german": 0.538816734003357, "italian": 0.4191945144032948, "lowercase": 0.6852195003967595, "max_iter": 2052.477974817859, "new_lines": 0.8781174363909454, "ngram_range": 0.027387593197926163, "non_ascii": 0.6704675101784022, "norwegian": 0.41730480236712697, "portuguese": 0.5586898284457517, "punctuation_and_lower_cased": 0.14038693859523377, "romanian": 0.1981014890848788, "solver": 0.8007445686755367, "spanish": 0.9682615757193975, "strip_accents": 0.31342417815924284, "swedish": 0.6923226156693141, "vectorizer_selection": 0.8763891522960383, "warm_start": 0.8946066635038473}, "datetime": {"datetime": "2021-09-08 02:56:14", "elapsed": 0.0, "delta": 0.0}}
{"target": -3.7114624765655484, "params": {"C": 8.504430286535676, "alphanumeric": 0.03905478323288236, "category": 16.016983041956458, "class_weight": 0.8781425034294131, "danish": 0.0983468338330501, "dutch": 0.42110762500505217, "english": 0.9578895301505019, "finnish": 0.5331652849730171, "french": 0.6918771139504734, "german": 0.31551563100606295, "italian": 0.6865009276815837, "lowercase": 0.8346256718973729, "max_iter": 192.69989066847614, "new_lines": 0.7501443149449675, "ngram_range": 0.9888610889064947, "non_ascii": 0.7481656543798394, "norwegian": 0.2804439920644052, "portuguese": 0.7892793284514885, "punctuation_and_lower_cased": 0.10322600657764203, "romanian": 0.44789352617590517, "solver": 0.9085955030930956, "spanish": 0.2936141483736795, "strip_accents": 0.28777533858634874, "swedish": 0.13002857211827767, "vectorizer_selection": 0.019366957870297075, "warm_start": 0.678835532939891}, "datetime": {"datetime": "2021-09-08 02:56:40", "elapsed": 26.021361, "delta": 26.021361}}
{"target": -3.1283234197704717, "params": {"C": 43.30137028177701, "alphanumeric": 0.2485842880438014, "category": 16.08988750950944, "class_weight": 0.5107854277216805, "danish": 0.3870324736877462, "dutch": 0.3584898590203538, "english": 0.6871712192979259, "finnish": 0.6817256080401193, "french": 0.018146283604824398, "german": 0.23040822379072468, "italian": 0.5179521911825415, "lowercase": 0.8921983530102537, "max_iter": 2060.217887627293, "new_lines": 0.556061826684543, "ngram_range": 0.17843370428316696, "non_ascii": 0.45458873682772405, "norwegian": 0.47002349994881565, "portuguese": 0.2016652817458171, "punctuation_and_lower_cased": 0.7149577450886361, "romanian": 0.09593805024440816, "solver": 0.9968904456390921, "spanish": 0.2224124562141485, "strip_accents": 0.15275896032840175, "swedish": 0.5427319387597093, "vectorizer_selection": 0.21882614083560625, "warm_start": 0.8885250793342642}, "datetime": {"datetime": "2021-09-08 02:57:08", "elapsed": 53.826295, "delta": 27.804934}}
{"target": -3.648204778314219, "params": {"C": 32.63200890546343, "alphanumeric": 0.8654656556964564, "category": 16.097062863622856, "class_weight": 0.8210860433629192, "danish": 0.5057318864225533, "dutch": 0.04335130999544223, "english": 0.2897989956317579, "finnish": 0.5561365007170344, "french": 0.8652365894325716, "german": 0.07494509934174509, "italian": 0.1213081284333487, "lowercase": 0.6948668177189553, "max_iter": 8886.432673878966, "new_lines": 0.46522894215518407, "ngram_range": 0.8014896328233194, "non_ascii": 0.5122731845655323, "norwegian": 0.14416979512007488, "portuguese": 0.05353468645613835, "punctuation_and_lower_cased": 0.6991229830428253, "romanian": 0.7943597613065203, "solver": 0.638815414662603, "spanish": 0.9078005299094806, "strip_accents": 0.6127734317136551, "swedish": 0.39155662115637424, "vectorizer_selection": 0.1144248446163284, "warm_start": 0.7353973945412164}, "datetime": {"datetime": "2021-09-08 02:57:37", "elapsed": 82.391363, "delta": 28.565068}}
{"target": -3.690743380922141, "params": {"C": 52.78011623818612, "alphanumeric": 0.8567614489048713, "category": 16.011909300832613, "class_weight": 0.23646951739618538, "danish": 0.48499271826206103, "dutch": 0.8608755812010289, "english": 0.6788518880584311, "finnish": 0.13600891883156596, "french": 0.7548344427951231, "german": 0.9716637752717482, "italian": 0.6427427208040118, "lowercase": 0.844448832802573, "max_iter": 2108.9210307247117, "new_lines": 0.8378126318591299, "ngram_range": 0.027498722267355058, "non_ascii": 0.8885663295893541, "norwegian": 0.6452519289662522, "portuguese": 0.6388077148703628, "punctuation_and_lower_cased": 0.9255785413872611, "romanian": 0.717401038838963, "solver": 0.38908239866043204, "spanish": 0.04513755974170086, "strip_accents": 0.8442801322511895, "swedish": 0.2838125880630977, "vectorizer_selection": 0.5811565704510239, "warm_start": 0.6006019784092517}, "datetime": {"datetime": "2021-09-08 02:58:08", "elapsed": 114.265698, "delta": 31.874335}}
{"target": -2.8990094095755015, "params": {"C": 43.03239289379147, "alphanumeric": 0.260620047015481, "category": 16.029719559759386, "class_weight": 0.41731845689370983, "danish": 0.3556649660589606, "dutch": 0.03033159755247361, "english": 0.8800708592361611, "finnish": 0.9883782481151575, "french": 0.34876875074384883, "german": 0.9851383680857884, "italian": 0.5888553379246948, "lowercase": 0.06849624845769442, "max_iter": 2061.766187548448, "new_lines": 0.8853533535555896, "ngram_range": 0.3849707948960983, "non_ascii": 0.835888698136478, "norwegian": 0.6602375817290291, "portuguese": 0.8768225977009758, "punctuation_and_lower_cased": 0.58995763866758, "romanian": 0.6658986215364854, "solver": 0.9422454996126242, "spanish": 0.2911699331538812, "strip_accents": 0.8810379666341225, "swedish": 0.5863971814967952, "vectorizer_selection": 0.7958149549511098, "warm_start": 0.833141998370641}, "datetime": {"datetime": "2021-09-08 02:58:54", "elapsed": 160.118006, "delta": 45.852308}}
{"target": -3.751039109484611, "params": {"C": 21.385238639899093, "alphanumeric": 0.5163342678387915, "category": 16.01184796288851, "class_weight": 0.017546114007353397, "danish": 0.6453916611627067, "dutch": 0.9412612988357274, "english": 0.0015450186537272481, "finnish": 0.08320432333813399, "french": 0.09172654825253967, "german": 0.6501310454187131, "italian": 0.5560726389425138, "lowercase": 0.592735916136708, "max_iter": 2074.9087612271865, "new_lines": 0.0019050329575287517, "ngram_range": 0.2905577805542916, "non_ascii": 0.4919405290766632, "norwegian": 0.6464469586466225, "portuguese": 0.5893145061576512, "punctuation_and_lower_cased": 0.9058155658832051, "romanian": 0.4106313627367778, "solver": 0.8421974213189785, "spanish": 0.5485827499194278, "strip_accents": 0.26629352666504613, "swedish": 0.5788820528692742, "vectorizer_selection": 0.7086160593890156, "warm_start": 0.27146118685694}, "datetime": {"datetime": "2021-09-08 02:59:27", "elapsed": 192.645508, "delta": 32.527502}}
