{"target": -7.660213962603299, "params": {"C": 41.70220630003735, "alphanumeric": 0.7203244934421581, "category": 17.000011437481735, "class_weight": 0.30233257263183977, "danish": 0.14675589081711304, "dutch": 0.0923385947687978, "english": 0.1862602113776709, "finnish": 0.34556072704304774, "french": 0.39676747423066994, "german": 0.538816734003357, "italian": 0.4191945144032948, "lowercase": 0.6852195003967595, "max_iter": 2052.477974817859, "new_lines": 0.8781174363909454, "ngram_range": 0.027387593197926163, "non_ascii": 0.6704675101784022, "norwegian": 0.41730480236712697, "portuguese": 0.5586898284457517, "punctuation_and_lower_cased": 0.14038693859523377, "romanian": 0.1981014890848788, "solver": 0.8007445686755367, "spanish": 0.9682615757193975, "strip_accents": 0.31342417815924284, "swedish": 0.6923226156693141, "vectorizer_selection": 0.8763891522960383, "warm_start": 0.8946066635038473}, "datetime": {"datetime": "2021-09-08 03:00:05", "elapsed": 0.0, "delta": 0.0}}
{"target": -7.795545556995537, "params": {"C": 8.504430286535676, "alphanumeric": 0.03905478323288236, "category": 17.016983041956458, "class_weight": 0.8781425034294131, "danish": 0.0983468338330501, "dutch": 0.42110762500505217, "english": 0.9578895301505019, "finnish": 0.5331652849730171, "french": 0.6918771139504734, "german": 0.31551563100606295, "italian": 0.6865009276815837, "lowercase": 0.8346256718973729, "max_iter": 192.69989066847614, "new_lines": 0.7501443149449675, "ngram_range": 0.9888610889064947, "non_ascii": 0.7481656543798394, "norwegian": 0.2804439920644052, "portuguese": 0.7892793284514885, "punctuation_and_lower_cased": 0.10322600657764203, "romanian": 0.44789352617590517, "solver": 0.9085955030930956, "spanish": 0.2936141483736795, "strip_accents": 0.28777533858634874, "swedish": 0.13002857211827767, "vectorizer_selection": 0.019366957870297075, "warm_start": 0.678835532939891}, "datetime": {"datetime": "2021-09-08 03:00:32", "elapsed": 26.351953, "delta": 26.351953}}
{"target": -7.0730714303726, "params": {"C": 43.30137028177701, "alphanumeric": 0.2485842880438014, "category": 17.08988750950944, "class_weight": 0.5107854277216805, "danish": 0.3870324736877462, "dutch": 0.3584898590203538, "english": 0.6871712192979259, "finnish": 0.6817256080401193, "french": 0.018146283604824398, "german": 0.23040822379072468, "italian": 0.5179521911825415, "lowercase": 0.8921983530102537, "max_iter": 2060.217887627293, "new_lines": 0.556061826684543, "ngram_range": 0.17843370428316696, "non_ascii": 0.45458873682772405, "norwegian": 0.47002349994881565, "portuguese": 0.2016652817458171, "punctuation_and_lower_cased": 0.7149577450886361, "romanian": 0.09593805024440816, "solver": 0.9968904456390921, "spanish": 0.2224124562141485, "strip_accents": 0.15275896032840175, "swedish": 0.5427319387597093, "vectorizer_selection": 0.21882614083560625, "warm_start": 0.8885250793342642}, "datetime": {"datetime": "2021-09-08 03:01:00", "elapsed": 54.603243, "delta": 28.25129}}
{"target": -7.572171480170385, "params": {"C": 32.63200890546343, "alphanumeric": 0.8654656556964564, "category": 17.097062863622856, "class_weight": 0.8210860433629192, "danish": 0.5057318864225533, "dutch": 0.04335130999544223, "english": 0.2897989956317579, "finnish": 0.5561365007170344, "french": 0.8652365894325716, "german": 0.07494509934174509, "italian": 0.1213081284333487, "lowercase": 0.6948668177189553, "max_iter": 8886.432673878966, "new_lines": 0.46522894215518407, "ngram_range": 0.8014896328233194, "non_ascii": 0.5122731845655323, "norwegian": 0.14416979512007488, "portuguese": 0.05353468645613835, "punctuation_and_lower_cased": 0.6991229830428253, "romanian": 0.7943597613065203, "solver": 0.638815414662603, "spanish": 0.9078005299094806, "strip_accents": 0.6127734317136551, "swedish": 0.39155662115637424, "vectorizer_selection": 0.1144248446163284, "warm_start": 0.7353973945412164}, "datetime": {"datetime": "2021-09-08 03:01:29", "elapsed": 83.394529, "delta": 28.791286}}
{"target": -6.496824410514044, "params": {"C": 23.608793593252553, "alphanumeric": 0.608596837235664, "category": 17.079283614245618, "class_weight": 0.7119601457301358, "danish": 0.033787026704189316, "dutch": 0.43141333273714, "english": 0.645666055028589, "finnish": 0.05168823789449317, "french": 0.8187801938878057, "german": 0.8080420286466216, "italian": 0.5059971682158022, "lowercase": 0.8628419997110833, "max_iter": 591.5810298861966, "new_lines": 0.9364067043176655, "ngram_range": 0.36321056722723544, "non_ascii": 0.8705694562638405, "norwegian": 0.08313497106151935, "portuguese": 0.5722041235782214, "punctuation_and_lower_cased": 0.3476615913613378, "romanian": 0.8018210978565, "solver": 0.21642207630464982, "spanish": 0.1153599088185644, "strip_accents": 0.7689654498170605, "swedish": 0.6652779888616858, "vectorizer_selection": 0.3705688119191539, "warm_start": 0.34179180942723664}, "datetime": {"datetime": "2021-09-08 03:01:57", "elapsed": 111.235082, "delta": 27.840553}}
{"target": -6.979183762720086, "params": {"C": 58.78125759800279, "alphanumeric": 0.5267088402314866, "category": 17.092235180473264, "class_weight": 0.26730390347530764, "danish": 0.8890536871040259, "dutch": 0.4247695285284986, "english": 0.9408154720675371, "finnish": 0.6845258710399617, "french": 0.6741324245199148, "german": 0.006640913253133429, "italian": 0.26264102609362083, "lowercase": 0.06187223950966825, "max_iter": 5563.377687727612, "new_lines": 0.2615170500333085, "ngram_range": 0.6016206359002448, "non_ascii": 0.6514141653836636, "norwegian": 0.6728286370527962, "portuguese": 0.47324472823058583, "punctuation_and_lower_cased": 0.4533164702479525, "romanian": 0.3889154019263653, "solver": 0.010601698396080383, "spanish": 0.4037405954111408, "strip_accents": 0.4130061696112488, "swedish": 0.428063588876878, "vectorizer_selection": 0.44084825813405126, "warm_start": 0.9435453341838715}, "datetime": {"datetime": "2021-09-08 03:02:24", "elapsed": 138.962785, "delta": 27.727703}}
{"target": -7.057279249159743, "params": {"C": 26.819967187222336, "alphanumeric": 0.7071952068714532, "category": 17.020563819840373, "class_weight": 0.13190711980812497, "danish": 0.2365098299070859, "dutch": 0.5150427867894033, "english": 0.7863989847374804, "finnish": 0.5994788449404301, "french": 0.7644331290436224, "german": 0.785948269430566, "italian": 0.8671209911899006, "lowercase": 0.695710726543987, "max_iter": 569.3508472070404, "new_lines": 0.2813785725865878, "ngram_range": 0.5291010067281491, "non_ascii": 0.4014420113981668, "norwegian": 0.8912898339292251, "portuguese": 0.6386433857911619, "punctuation_and_lower_cased": 0.6453659437893194, "romanian": 0.7484618924300468, "solver": 0.6668579491266107, "spanish": 0.8647075799221258, "strip_accents": 0.9008683713850633, "swedish": 0.27610175894114486, "vectorizer_selection": 0.07151804247882265, "warm_start": 0.012858200835965006}, "datetime": {"datetime": "2021-09-08 03:02:55", "elapsed": 169.319298, "delta": 30.356513}}
