{"target": -1.3145905597687166, "params": {"C": 41.70220630003735, "alphanumeric": 0.7203244934421581, "category": 4.000011437481734, "class_weight": 0.30233257263183977, "danish": 0.14675589081711304, "dutch": 0.0923385947687978, "english": 0.1862602113776709, "finnish": 0.34556072704304774, "french": 0.39676747423066994, "german": 0.538816734003357, "italian": 0.4191945144032948, "lowercase": 0.6852195003967595, "max_iter": 2052.477974817859, "new_lines": 0.8781174363909454, "ngram_range": 0.027387593197926163, "non_ascii": 0.6704675101784022, "norwegian": 0.41730480236712697, "portuguese": 0.5586898284457517, "punctuation_and_lower_cased": 0.14038693859523377, "romanian": 0.1981014890848788, "solver": 0.8007445686755367, "spanish": 0.9682615757193975, "strip_accents": 0.31342417815924284, "swedish": 0.6923226156693141, "vectorizer_selection": 0.8763891522960383, "warm_start": 0.8946066635038473}, "datetime": {"datetime": "2021-09-08 02:02:31", "elapsed": 0.0, "delta": 0.0}}
{"target": -1.0220115114076098, "params": {"C": 8.504430286535676, "alphanumeric": 0.03905478323288236, "category": 4.016983041956457, "class_weight": 0.8781425034294131, "danish": 0.0983468338330501, "dutch": 0.42110762500505217, "english": 0.9578895301505019, "finnish": 0.5331652849730171, "french": 0.6918771139504734, "german": 0.31551563100606295, "italian": 0.6865009276815837, "lowercase": 0.8346256718973729, "max_iter": 192.69989066847614, "new_lines": 0.7501443149449675, "ngram_range": 0.9888610889064947, "non_ascii": 0.7481656543798394, "norwegian": 0.2804439920644052, "portuguese": 0.7892793284514885, "punctuation_and_lower_cased": 0.10322600657764203, "romanian": 0.44789352617590517, "solver": 0.9085955030930956, "spanish": 0.2936141483736795, "strip_accents": 0.28777533858634874, "swedish": 0.13002857211827767, "vectorizer_selection": 0.019366957870297075, "warm_start": 0.678835532939891}, "datetime": {"datetime": "2021-09-08 02:02:57", "elapsed": 26.465753, "delta": 26.465753}}
{"target": -1.040791242176691, "params": {"C": 12.08347719703685, "alphanumeric": 0.5096141154371496, "category": 4.0995522026375815, "class_weight": 0.4814295165092777, "danish": 0.8378127539029595, "dutch": 0.6036554518101519, "english": 0.6643749440180993, "finnish": 0.27246139216070286, "french": 0.8309332483397108, "german": 0.24446629280188226, "italian": 0.673362439399853, "lowercase": 0.0881300683121029, "max_iter": 198.3319420913921, "new_lines": 0.47234621267571597, "ngram_range": 0.9389951304571027, "non_ascii": 0.3255748194398318, "norwegian": 0.32215301870112867, "portuguese": 0.052030723790467026, "punctuation_and_lower_cased": 0.6752856064960998, "romanian": 0.7217406611930467, "solver": 0.9037177504667223, "spanish": 0.43714861121731796, "strip_accents": 0.10951666213733291, "swedish": 0.037607057994800464, "vectorizer_selection": 0.8807689064851337, "warm_start": 0.6522556436427864}, "datetime": {"datetime": "2021-09-08 02:03:27", "elapsed": 56.799606, "delta": 30.333853}}
{"target": -1.4569271908574255, "params": {"C": 0.8953709589130787, "alphanumeric": 0.8450169637994586, "category": 4.048953025771617, "class_weight": 0.1645116015389596, "danish": 0.9091930763535507, "dutch": 0.8851081427301998, "english": 0.06138200806720295, "finnish": 0.9640460574231703, "french": 0.6955321117820364, "german": 0.43412766665815217, "italian": 0.7048227914528143, "lowercase": 0.5934095884754684, "max_iter": 192.32152467891532, "new_lines": 0.1117433960102665, "ngram_range": 0.4803658675888681, "non_ascii": 0.3292843122775876, "norwegian": 0.7176216717100055, "portuguese": 0.49007129909717595, "punctuation_and_lower_cased": 0.7803880160354396, "romanian": 0.06085073424787035, "solver": 0.18815032431894585, "spanish": 0.6798564852684676, "strip_accents": 0.6289428886390985, "swedish": 0.9209042969822407, "vectorizer_selection": 0.43382905104988123, "warm_start": 0.5213544686629907}, "datetime": {"datetime": "2021-09-08 02:03:55", "elapsed": 84.047975, "delta": 27.248369}}
{"target": -0.9291038467366896, "params": {"C": 12.167794439757202, "alphanumeric": 0.8679405438936971, "category": 4.070609028853907, "class_weight": 0.8306901784829166, "danish": 0.5237932244354165, "dutch": 0.6898052524768559, "english": 0.3923791780040362, "finnish": 0.3305120395487706, "french": 0.5168237407980187, "german": 0.20529766239840297, "italian": 0.7372347853958116, "lowercase": 0.8124587328373751, "max_iter": 197.05398144862588, "new_lines": 0.9155255448351145, "ngram_range": 0.5953391482681804, "non_ascii": 0.7726774634322826, "norwegian": 0.8215265551818067, "portuguese": 0.7350992799382456, "punctuation_and_lower_cased": 0.10897501123415387, "romanian": 0.20760099139419708, "solver": 0.26052194912268944, "spanish": 0.3391133137974106, "strip_accents": 0.6844490891823067, "swedish": 0.375439079380409, "vectorizer_selection": 0.13457237146457446, "warm_start": 0.760496533626674}, "datetime": {"datetime": "2021-09-08 02:04:26", "elapsed": 115.732493, "delta": 31.684518}}
{"target": -1.1129449530871083, "params": {"C": 62.64160954552519, "alphanumeric": 0.3579342712128837, "category": 4.097693219334563, "class_weight": 0.5356234799416068, "danish": 0.11706322441521722, "dutch": 0.8727112962651576, "english": 0.28045801323749797, "finnish": 0.7522537887778604, "french": 0.7767132567927832, "german": 0.591411810611647, "italian": 0.5972699618901645, "lowercase": 0.01611561177722798, "max_iter": 174.08186316628428, "new_lines": 0.07870934323014545, "ngram_range": 0.7793875105938556, "non_ascii": 0.3295292810094822, "norwegian": 0.3125740875089529, "portuguese": 0.44651298214087254, "punctuation_and_lower_cased": 0.5718297411449742, "romanian": 0.7161028635920469, "solver": 0.6913169415491842, "spanish": 0.7625688869565702, "strip_accents": 0.3278128973617803, "swedish": 0.6478125130255361, "vectorizer_selection": 0.38076110508200856, "warm_start": 0.9896115864529142}, "datetime": {"datetime": "2021-09-08 02:04:57", "elapsed": 145.967013, "delta": 30.23452}}
{"target": -1.1505082252009748, "params": {"C": 18.78557274617913, "alphanumeric": 0.18863818579299063, "category": 4.096063636255558, "class_weight": 0.2766664753909044, "danish": 0.6110165627760247, "dutch": 0.5099571395467238, "english": 0.08790172061521329, "finnish": 0.40777434660178047, "french": 0.31282156693069507, "german": 0.5241476835077332, "italian": 0.02268339724094426, "lowercase": 0.8316775623748717, "max_iter": 112.66556537566163, "new_lines": 0.3460434759052564, "ngram_range": 0.90682490161579, "non_ascii": 0.08519294100727404, "norwegian": 0.5355102765765729, "portuguese": 0.5821716301313858, "punctuation_and_lower_cased": 0.5661999889389561, "romanian": 0.048941280814618016, "solver": 0.34284662707773184, "spanish": 0.3553802448161898, "strip_accents": 0.12176320758573711, "swedish": 0.9030876714707122, "vectorizer_selection": 0.20021183337146908, "warm_start": 0.4583292752492162}, "datetime": {"datetime": "2021-09-08 02:05:26", "elapsed": 175.579714, "delta": 29.612701}}
