{"target": -6.849713253166081, "params": {"C": 41.70220630003735, "alphanumeric": 0.7203244934421581, "category": 5.000011437481734, "class_weight": 0.30233257263183977, "danish": 0.14675589081711304, "dutch": 0.0923385947687978, "english": 0.1862602113776709, "finnish": 0.34556072704304774, "french": 0.39676747423066994, "german": 0.538816734003357, "italian": 0.4191945144032948, "lowercase": 0.6852195003967595, "max_iter": 2052.477974817859, "new_lines": 0.8781174363909454, "ngram_range": 0.027387593197926163, "non_ascii": 0.6704675101784022, "norwegian": 0.41730480236712697, "portuguese": 0.5586898284457517, "punctuation_and_lower_cased": 0.14038693859523377, "romanian": 0.1981014890848788, "solver": 0.8007445686755367, "spanish": 0.9682615757193975, "strip_accents": 0.31342417815924284, "swedish": 0.6923226156693141, "vectorizer_selection": 0.8763891522960383, "warm_start": 0.8946066635038473}, "datetime": {"datetime": "2021-09-08 02:06:05", "elapsed": 0.0, "delta": 0.0}}
{"target": -7.909216448460538, "params": {"C": 8.504430286535676, "alphanumeric": 0.03905478323288236, "category": 5.016983041956457, "class_weight": 0.8781425034294131, "danish": 0.0983468338330501, "dutch": 0.42110762500505217, "english": 0.9578895301505019, "finnish": 0.5331652849730171, "french": 0.6918771139504734, "german": 0.31551563100606295, "italian": 0.6865009276815837, "lowercase": 0.8346256718973729, "max_iter": 192.69989066847614, "new_lines": 0.7501443149449675, "ngram_range": 0.9888610889064947, "non_ascii": 0.7481656543798394, "norwegian": 0.2804439920644052, "portuguese": 0.7892793284514885, "punctuation_and_lower_cased": 0.10322600657764203, "romanian": 0.44789352617590517, "solver": 0.9085955030930956, "spanish": 0.2936141483736795, "strip_accents": 0.28777533858634874, "swedish": 0.13002857211827767, "vectorizer_selection": 0.019366957870297075, "warm_start": 0.678835532939891}, "datetime": {"datetime": "2021-09-08 02:06:31", "elapsed": 26.592989, "delta": 26.592989}}
{"target": -6.217107262763312, "params": {"C": 43.30137028177701, "alphanumeric": 0.2485842880438014, "category": 5.089887509509436, "class_weight": 0.5107854277216805, "danish": 0.3870324736877462, "dutch": 0.3584898590203538, "english": 0.6871712192979259, "finnish": 0.6817256080401193, "french": 0.018146283604824398, "german": 0.23040822379072468, "italian": 0.5179521911825415, "lowercase": 0.8921983530102537, "max_iter": 2060.217887627293, "new_lines": 0.556061826684543, "ngram_range": 0.17843370428316696, "non_ascii": 0.45458873682772405, "norwegian": 0.47002349994881565, "portuguese": 0.2016652817458171, "punctuation_and_lower_cased": 0.7149577450886361, "romanian": 0.09593805024440816, "solver": 0.9968904456390921, "spanish": 0.2224124562141485, "strip_accents": 0.15275896032840175, "swedish": 0.5427319387597093, "vectorizer_selection": 0.21882614083560625, "warm_start": 0.8885250793342642}, "datetime": {"datetime": "2021-09-08 02:06:59", "elapsed": 54.813808, "delta": 28.220819}}
{"target": -7.515838413818583, "params": {"C": 42.50571424911304, "alphanumeric": 0.7573687024372825, "category": 5.06897955439056, "class_weight": 0.17508480463290377, "danish": 0.97174514540067, "dutch": 0.0043294136315096265, "english": 0.11654453545372545, "finnish": 0.2071111820377548, "french": 0.1386615795000924, "german": 0.7923751772401775, "italian": 0.5928562427089467, "lowercase": 0.5620251032480791, "max_iter": 2057.1528881511495, "new_lines": 0.7099397758860463, "ngram_range": 0.9937282922868741, "non_ascii": 0.41197664668017153, "norwegian": 0.6600411329457906, "portuguese": 0.7745664313086217, "punctuation_and_lower_cased": 0.8905699841900095, "romanian": 0.3441755722991452, "solver": 0.6716282717858476, "spanish": 0.3021144956391515, "strip_accents": 0.5132673093063489, "swedish": 0.12832231789950221, "vectorizer_selection": 0.8665225008096554, "warm_start": 0.8727506816185447}, "datetime": {"datetime": "2021-09-08 02:07:37", "elapsed": 92.502788, "delta": 37.68898}}
{"target": -5.851385048674702, "params": {"C": 23.608793593252553, "alphanumeric": 0.608596837235664, "category": 5.079283614245618, "class_weight": 0.7119601457301358, "danish": 0.033787026704189316, "dutch": 0.43141333273714, "english": 0.645666055028589, "finnish": 0.05168823789449317, "french": 0.8187801938878057, "german": 0.8080420286466216, "italian": 0.5059971682158022, "lowercase": 0.8628419997110833, "max_iter": 591.5810298861966, "new_lines": 0.9364067043176655, "ngram_range": 0.36321056722723544, "non_ascii": 0.8705694562638405, "norwegian": 0.08313497106151935, "portuguese": 0.5722041235782214, "punctuation_and_lower_cased": 0.3476615913613378, "romanian": 0.8018210978565, "solver": 0.21642207630464982, "spanish": 0.1153599088185644, "strip_accents": 0.7689654498170605, "swedish": 0.6652779888616858, "vectorizer_selection": 0.3705688119191539, "warm_start": 0.34179180942723664}, "datetime": {"datetime": "2021-09-08 02:08:05", "elapsed": 120.593126, "delta": 28.090338}}
{"target": -5.901809309049704, "params": {"C": 58.78125759800279, "alphanumeric": 0.5267088402314866, "category": 5.092235180473262, "class_weight": 0.26730390347530764, "danish": 0.8890536871040259, "dutch": 0.4247695285284986, "english": 0.9408154720675371, "finnish": 0.6845258710399617, "french": 0.6741324245199148, "german": 0.006640913253133429, "italian": 0.26264102609362083, "lowercase": 0.06187223950966825, "max_iter": 5563.377687727612, "new_lines": 0.2615170500333085, "ngram_range": 0.6016206359002448, "non_ascii": 0.6514141653836636, "norwegian": 0.6728286370527962, "portuguese": 0.47324472823058583, "punctuation_and_lower_cased": 0.4533164702479525, "romanian": 0.3889154019263653, "solver": 0.010601698396080383, "spanish": 0.4037405954111408, "strip_accents": 0.4130061696112488, "swedish": 0.428063588876878, "vectorizer_selection": 0.44084825813405126, "warm_start": 0.9435453341838715}, "datetime": {"datetime": "2021-09-08 02:08:33", "elapsed": 148.606683, "delta": 28.013557}}
{"target": -5.774295638506404, "params": {"C": 29.501711019979076, "alphanumeric": 0.7987121036623014, "category": 5.081160267218814, "class_weight": 0.7767078821540666, "danish": 0.4735670863702196, "dutch": 0.7069466160763749, "english": 0.1737011755474741, "finnish": 0.9892125788610306, "french": 0.5972987687195296, "german": 0.3439280862504359, "italian": 0.9854109866862087, "lowercase": 0.8690191060879446, "max_iter": 1181.2664480626465, "new_lines": 0.14669366889574897, "ngram_range": 0.4707649842933418, "non_ascii": 0.041760097618472214, "norwegian": 0.08555568690828985, "portuguese": 0.25773143005196664, "punctuation_and_lower_cased": 0.6305283498445601, "romanian": 0.4317769476646828, "solver": 0.5643162645734405, "spanish": 0.4683942241987592, "strip_accents": 0.32950180179876054, "swedish": 0.743077045726032, "vectorizer_selection": 0.07303980978632407, "warm_start": 0.03810506275287806}, "datetime": {"datetime": "2021-09-08 02:09:04", "elapsed": 179.367578, "delta": 30.760895}}
