{"target": -1.2424377326784668, "params": {"C": 41.70220630003735, "alphanumeric": 0.7203244934421581, "category": 13.000011437481735, "class_weight": 0.30233257263183977, "danish": 0.14675589081711304, "dutch": 0.0923385947687978, "english": 0.1862602113776709, "finnish": 0.34556072704304774, "french": 0.39676747423066994, "german": 0.538816734003357, "italian": 0.4191945144032948, "lowercase": 0.6852195003967595, "max_iter": 2052.477974817859, "new_lines": 0.8781174363909454, "ngram_range": 0.027387593197926163, "non_ascii": 0.6704675101784022, "norwegian": 0.41730480236712697, "portuguese": 0.5586898284457517, "punctuation_and_lower_cased": 0.14038693859523377, "romanian": 0.1981014890848788, "solver": 0.8007445686755367, "spanish": 0.9682615757193975, "strip_accents": 0.31342417815924284, "swedish": 0.6923226156693141, "vectorizer_selection": 0.8763891522960383, "warm_start": 0.8946066635038473}, "datetime": {"datetime": "2021-09-08 02:41:20", "elapsed": 0.0, "delta": 0.0}}
{"target": -1.3135878579579416, "params": {"C": 8.504430286535676, "alphanumeric": 0.03905478323288236, "category": 13.016983041956458, "class_weight": 0.8781425034294131, "danish": 0.0983468338330501, "dutch": 0.42110762500505217, "english": 0.9578895301505019, "finnish": 0.5331652849730171, "french": 0.6918771139504734, "german": 0.31551563100606295, "italian": 0.6865009276815837, "lowercase": 0.8346256718973729, "max_iter": 192.69989066847614, "new_lines": 0.7501443149449675, "ngram_range": 0.9888610889064947, "non_ascii": 0.7481656543798394, "norwegian": 0.2804439920644052, "portuguese": 0.7892793284514885, "punctuation_and_lower_cased": 0.10322600657764203, "romanian": 0.44789352617590517, "solver": 0.9085955030930956, "spanish": 0.2936141483736795, "strip_accents": 0.28777533858634874, "swedish": 0.13002857211827767, "vectorizer_selection": 0.019366957870297075, "warm_start": 0.678835532939891}, "datetime": {"datetime": "2021-09-08 02:41:46", "elapsed": 26.261214, "delta": 26.261214}}
{"target": -1.05858544943166, "params": {"C": 43.30137028177701, "alphanumeric": 0.2485842880438014, "category": 13.089887509509436, "class_weight": 0.5107854277216805, "danish": 0.3870324736877462, "dutch": 0.3584898590203538, "english": 0.6871712192979259, "finnish": 0.6817256080401193, "french": 0.018146283604824398, "german": 0.23040822379072468, "italian": 0.5179521911825415, "lowercase": 0.8921983530102537, "max_iter": 2060.217887627293, "new_lines": 0.556061826684543, "ngram_range": 0.17843370428316696, "non_ascii": 0.45458873682772405, "norwegian": 0.47002349994881565, "portuguese": 0.2016652817458171, "punctuation_and_lower_cased": 0.7149577450886361, "romanian": 0.09593805024440816, "solver": 0.9968904456390921, "spanish": 0.2224124562141485, "strip_accents": 0.15275896032840175, "swedish": 0.5427319387597093, "vectorizer_selection": 0.21882614083560625, "warm_start": 0.8885250793342642}, "datetime": {"datetime": "2021-09-08 02:42:14", "elapsed": 54.361205, "delta": 28.099991}}
{"target": -1.3274313486913756, "params": {"C": 32.63200890546343, "alphanumeric": 0.8654656556964564, "category": 13.097062863622854, "class_weight": 0.8210860433629192, "danish": 0.5057318864225533, "dutch": 0.04335130999544223, "english": 0.2897989956317579, "finnish": 0.5561365007170344, "french": 0.8652365894325716, "german": 0.07494509934174509, "italian": 0.1213081284333487, "lowercase": 0.6948668177189553, "max_iter": 8886.432673878966, "new_lines": 0.46522894215518407, "ngram_range": 0.8014896328233194, "non_ascii": 0.5122731845655323, "norwegian": 0.14416979512007488, "portuguese": 0.05353468645613835, "punctuation_and_lower_cased": 0.6991229830428253, "romanian": 0.7943597613065203, "solver": 0.638815414662603, "spanish": 0.9078005299094806, "strip_accents": 0.6127734317136551, "swedish": 0.39155662115637424, "vectorizer_selection": 0.1144248446163284, "warm_start": 0.7353973945412164}, "datetime": {"datetime": "2021-09-08 02:42:43", "elapsed": 83.444788, "delta": 29.083583}}
{"target": -1.3491758893091705, "params": {"C": 57.096541073254784, "alphanumeric": 0.8286664708742176, "category": 13.00982886569701, "class_weight": 0.4777515828989378, "danish": 0.9457263854508187, "dutch": 0.8858549825336915, "english": 0.4180319366628159, "finnish": 0.6682148212473431, "french": 0.23170180608355373, "german": 0.5572349926625285, "italian": 0.3689336613535792, "lowercase": 0.6103255826148303, "max_iter": 2155.087373878138, "new_lines": 0.43247051488795263, "ngram_range": 0.9609471105340411, "non_ascii": 0.5475627542855522, "norwegian": 0.6981956269946709, "portuguese": 0.8896513640186549, "punctuation_and_lower_cased": 0.8331422644332095, "romanian": 0.5392989960505236, "solver": 0.63378742595035, "spanish": 0.058780193100245626, "strip_accents": 0.12618714942619647, "swedish": 0.35030887669352284, "vectorizer_selection": 0.9269375234784857, "warm_start": 0.3796372751885031}, "datetime": {"datetime": "2021-09-08 02:43:32", "elapsed": 131.856017, "delta": 48.411229}}
{"target": -1.0131200670991498, "params": {"C": 43.03239289379147, "alphanumeric": 0.260620047015481, "category": 13.029719559759386, "class_weight": 0.41731845689370983, "danish": 0.3556649660589606, "dutch": 0.03033159755247361, "english": 0.8800708592361611, "finnish": 0.9883782481151575, "french": 0.34876875074384883, "german": 0.9851383680857884, "italian": 0.5888553379246948, "lowercase": 0.06849624845769442, "max_iter": 2061.766187548448, "new_lines": 0.8853533535555896, "ngram_range": 0.3849707948960983, "non_ascii": 0.835888698136478, "norwegian": 0.6602375817290291, "portuguese": 0.8768225977009758, "punctuation_and_lower_cased": 0.58995763866758, "romanian": 0.6658986215364854, "solver": 0.9422454996126242, "spanish": 0.2911699331538812, "strip_accents": 0.8810379666341225, "swedish": 0.5863971814967952, "vectorizer_selection": 0.7958149549511098, "warm_start": 0.833141998370641}, "datetime": {"datetime": "2021-09-08 02:44:22", "elapsed": 182.241074, "delta": 50.385057}}
{"target": -1.0170715778635273, "params": {"C": 57.13250956098548, "alphanumeric": 0.11395600436075459, "category": 13.012801292678827, "class_weight": 0.5976307339145019, "danish": 0.2387742701089861, "dutch": 0.8593172626591636, "english": 0.16110575915906789, "finnish": 0.6901766142171386, "french": 0.4283719688260881, "german": 0.9296936021114424, "italian": 0.8207133856319067, "lowercase": 0.47450015383107025, "max_iter": 3650.173524455317, "new_lines": 0.7358423077611814, "ngram_range": 0.6204469069558115, "non_ascii": 0.03761393569428251, "norwegian": 0.45184703151349015, "portuguese": 0.05838639725526473, "punctuation_and_lower_cased": 0.4650688124160982, "romanian": 0.841832743848385, "solver": 0.40400425882410684, "spanish": 0.7491041618261398, "strip_accents": 0.6934888052560427, "swedish": 0.06718087536275741, "vectorizer_selection": 0.3141559765445546, "warm_start": 0.6417171853933492}, "datetime": {"datetime": "2021-09-08 02:44:57", "elapsed": 217.337198, "delta": 35.096124}}
