{"target": -5.766407506053985, "params": {"C": 41.70220630003735, "alphanumeric": 0.7203244934421581, "category": 2.0000114374817346, "class_weight": 0.30233257263183977, "danish": 0.14675589081711304, "dutch": 0.0923385947687978, "english": 0.1862602113776709, "finnish": 0.34556072704304774, "french": 0.39676747423066994, "german": 0.538816734003357, "italian": 0.4191945144032948, "lowercase": 0.6852195003967595, "max_iter": 2052.477974817859, "new_lines": 0.8781174363909454, "ngram_range": 0.027387593197926163, "non_ascii": 0.6704675101784022, "norwegian": 0.41730480236712697, "portuguese": 0.5586898284457517, "punctuation_and_lower_cased": 0.14038693859523377, "romanian": 0.1981014890848788, "solver": 0.8007445686755367, "spanish": 0.9682615757193975, "strip_accents": 0.31342417815924284, "swedish": 0.6923226156693141, "vectorizer_selection": 0.8763891522960383, "warm_start": 0.8946066635038473}, "datetime": {"datetime": "2021-09-08 01:54:49", "elapsed": 0.0, "delta": 0.0}}
{"target": -5.632917623571023, "params": {"C": 8.504430286535676, "alphanumeric": 0.03905478323288236, "category": 2.0169830419564567, "class_weight": 0.8781425034294131, "danish": 0.0983468338330501, "dutch": 0.42110762500505217, "english": 0.9578895301505019, "finnish": 0.5331652849730171, "french": 0.6918771139504734, "german": 0.31551563100606295, "italian": 0.6865009276815837, "lowercase": 0.8346256718973729, "max_iter": 192.69989066847614, "new_lines": 0.7501443149449675, "ngram_range": 0.9888610889064947, "non_ascii": 0.7481656543798394, "norwegian": 0.2804439920644052, "portuguese": 0.7892793284514885, "punctuation_and_lower_cased": 0.10322600657764203, "romanian": 0.44789352617590517, "solver": 0.9085955030930956, "spanish": 0.2936141483736795, "strip_accents": 0.28777533858634874, "swedish": 0.13002857211827767, "vectorizer_selection": 0.019366957870297075, "warm_start": 0.678835532939891}, "datetime": {"datetime": "2021-09-08 01:55:16", "elapsed": 26.227142, "delta": 26.227142}}
{"target": -5.644786142608355, "params": {"C": 12.08347719703685, "alphanumeric": 0.5096141154371496, "category": 2.099552202637582, "class_weight": 0.4814295165092777, "danish": 0.8378127539029595, "dutch": 0.6036554518101519, "english": 0.6643749440180993, "finnish": 0.27246139216070286, "french": 0.8309332483397108, "german": 0.24446629280188226, "italian": 0.673362439399853, "lowercase": 0.0881300683121029, "max_iter": 198.3319420913921, "new_lines": 0.47234621267571597, "ngram_range": 0.9389951304571027, "non_ascii": 0.3255748194398318, "norwegian": 0.32215301870112867, "portuguese": 0.052030723790467026, "punctuation_and_lower_cased": 0.6752856064960998, "romanian": 0.7217406611930467, "solver": 0.9037177504667223, "spanish": 0.43714861121731796, "strip_accents": 0.10951666213733291, "swedish": 0.037607057994800464, "vectorizer_selection": 0.8807689064851337, "warm_start": 0.6522556436427864}, "datetime": {"datetime": "2021-09-08 01:55:45", "elapsed": 55.685922, "delta": 29.45878}}
{"target": -5.545007772407579, "params": {"C": 0.8953709589130787, "alphanumeric": 0.8450169637994586, "category": 2.048953025771617, "class_weight": 0.1645116015389596, "danish": 0.9091930763535507, "dutch": 0.8851081427301998, "english": 0.06138200806720295, "finnish": 0.9640460574231703, "french": 0.6955321117820364, "german": 0.43412766665815217, "italian": 0.7048227914528143, "lowercase": 0.5934095884754684, "max_iter": 192.32152467891532, "new_lines": 0.1117433960102665, "ngram_range": 0.4803658675888681, "non_ascii": 0.3292843122775876, "norwegian": 0.7176216717100055, "portuguese": 0.49007129909717595, "punctuation_and_lower_cased": 0.7803880160354396, "romanian": 0.06085073424787035, "solver": 0.18815032431894585, "spanish": 0.6798564852684676, "strip_accents": 0.6289428886390985, "swedish": 0.9209042969822407, "vectorizer_selection": 0.43382905104988123, "warm_start": 0.5213544686629907}, "datetime": {"datetime": "2021-09-08 01:56:12", "elapsed": 82.934058, "delta": 27.248136}}
{"target": -6.629293339602382, "params": {"C": 1e-05, "alphanumeric": 1.0, "category": 2.1, "class_weight": 0.0, "danish": 1.0, "dutch": 1.0, "english": 0.0, "finnish": 1.0, "french": 1.0, "german": 1.0, "italian": 1.0, "lowercase": 0.0, "max_iter": 551.55874903397, "new_lines": 0.0, "ngram_range": 0.0, "non_ascii": 0.0, "norwegian": 1.0, "portuguese": 0.0, "punctuation_and_lower_cased": 1.0, "romanian": 0.0, "solver": 0.0, "spanish": 1.0, "strip_accents": 1.0, "swedish": 1.0, "vectorizer_selection": 1.0, "warm_start": 0.0}, "datetime": {"datetime": "2021-09-08 01:56:38", "elapsed": 108.139138, "delta": 25.20508}}
{"target": -5.386798855243968, "params": {"C": 0.5725734827984728, "alphanumeric": 0.761771300122495, "category": 2.072384892134739, "class_weight": 0.6026132138994975, "danish": 0.4980013059614299, "dutch": 0.5185473628856472, "english": 0.5325793541125612, "finnish": 0.22124612460912962, "french": 0.7102724431522923, "german": 0.41406197173240855, "italian": 0.8338232846550017, "lowercase": 0.4224168786730055, "max_iter": 191.27702019091427, "new_lines": 0.07610687033527697, "ngram_range": 0.3520989659992927, "non_ascii": 0.09707733133484309, "norwegian": 0.9620787163882137, "portuguese": 0.7752344548049174, "punctuation_and_lower_cased": 0.5384600039853562, "romanian": 0.32461496873551954, "solver": 0.8106091328967082, "spanish": 0.22205026980434772, "strip_accents": 0.2643323331322034, "swedish": 0.7298730587069615, "vectorizer_selection": 0.4020742719454946, "warm_start": 0.9484986786216258}, "datetime": {"datetime": "2021-09-08 01:57:04", "elapsed": 134.638535, "delta": 26.499397}}
{"target": -5.64675371022134, "params": {"C": 4.49426421976752, "alphanumeric": 0.8237318637244885, "category": 2.098484852504157, "class_weight": 0.04664737583122913, "danish": 0.9973844529986157, "dutch": 0.5699665102346085, "english": 0.34635280685116054, "finnish": 0.7727895228114451, "french": 0.2549008965418137, "german": 0.3574542225996893, "italian": 0.1703407297947772, "lowercase": 0.5995979955379167, "max_iter": 148.1154258226073, "new_lines": 0.106038595747323, "ngram_range": 0.9995314385190875, "non_ascii": 0.7150998893189827, "norwegian": 0.42785792352793806, "portuguese": 0.5062928410301326, "punctuation_and_lower_cased": 0.7443810787053073, "romanian": 0.4313064223298153, "solver": 0.39624916579040803, "spanish": 0.9229471411223884, "strip_accents": 0.26288925021855647, "swedish": 0.7233107474692299, "vectorizer_selection": 0.6351339244527962, "warm_start": 0.6385436498619171}, "datetime": {"datetime": "2021-09-08 01:57:35", "elapsed": 165.527848, "delta": 30.889313}}
