{"target": -3.9032494338791786, "params": {"C": 41.70220630003735, "alphanumeric": 0.7203244934421581, "category": 20.000011437481735, "class_weight": 0.30233257263183977, "danish": 0.14675589081711304, "dutch": 0.0923385947687978, "english": 0.1862602113776709, "finnish": 0.34556072704304774, "french": 0.39676747423066994, "german": 0.538816734003357, "italian": 0.4191945144032948, "lowercase": 0.6852195003967595, "max_iter": 2052.477974817859, "new_lines": 0.8781174363909454, "ngram_range": 0.027387593197926163, "non_ascii": 0.6704675101784022, "norwegian": 0.41730480236712697, "portuguese": 0.5586898284457517, "punctuation_and_lower_cased": 0.14038693859523377, "romanian": 0.1981014890848788, "solver": 0.8007445686755367, "spanish": 0.9682615757193975, "strip_accents": 0.31342417815924284, "swedish": 0.6923226156693141, "vectorizer_selection": 0.8763891522960383, "warm_start": 0.8946066635038473}, "datetime": {"datetime": "2021-09-08 03:11:10", "elapsed": 0.0, "delta": 0.0}}
{"target": -3.07591202687136, "params": {"C": 8.504430286535676, "alphanumeric": 0.03905478323288236, "category": 20.016983041956458, "class_weight": 0.8781425034294131, "danish": 0.0983468338330501, "dutch": 0.42110762500505217, "english": 0.9578895301505019, "finnish": 0.5331652849730171, "french": 0.6918771139504734, "german": 0.31551563100606295, "italian": 0.6865009276815837, "lowercase": 0.8346256718973729, "max_iter": 192.69989066847614, "new_lines": 0.7501443149449675, "ngram_range": 0.9888610889064947, "non_ascii": 0.7481656543798394, "norwegian": 0.2804439920644052, "portuguese": 0.7892793284514885, "punctuation_and_lower_cased": 0.10322600657764203, "romanian": 0.44789352617590517, "solver": 0.9085955030930956, "spanish": 0.2936141483736795, "strip_accents": 0.28777533858634874, "swedish": 0.13002857211827767, "vectorizer_selection": 0.019366957870297075, "warm_start": 0.678835532939891}, "datetime": {"datetime": "2021-09-08 03:11:37", "elapsed": 26.406729, "delta": 26.406729}}
{"target": -3.172781684254287, "params": {"C": 12.08347719703685, "alphanumeric": 0.5096141154371496, "category": 20.099552202637582, "class_weight": 0.4814295165092777, "danish": 0.8378127539029595, "dutch": 0.6036554518101519, "english": 0.6643749440180993, "finnish": 0.27246139216070286, "french": 0.8309332483397108, "german": 0.24446629280188226, "italian": 0.673362439399853, "lowercase": 0.0881300683121029, "max_iter": 198.3319420913921, "new_lines": 0.47234621267571597, "ngram_range": 0.9389951304571027, "non_ascii": 0.3255748194398318, "norwegian": 0.32215301870112867, "portuguese": 0.052030723790467026, "punctuation_and_lower_cased": 0.6752856064960998, "romanian": 0.7217406611930467, "solver": 0.9037177504667223, "spanish": 0.43714861121731796, "strip_accents": 0.10951666213733291, "swedish": 0.037607057994800464, "vectorizer_selection": 0.8807689064851337, "warm_start": 0.6522556436427864}, "datetime": {"datetime": "2021-09-08 03:12:06", "elapsed": 55.620187, "delta": 29.213458}}
{"target": -3.9882595379498453, "params": {"C": 0.8953709589130787, "alphanumeric": 0.8450169637994586, "category": 20.048953025771617, "class_weight": 0.1645116015389596, "danish": 0.9091930763535507, "dutch": 0.8851081427301998, "english": 0.06138200806720295, "finnish": 0.9640460574231703, "french": 0.6955321117820364, "german": 0.43412766665815217, "italian": 0.7048227914528143, "lowercase": 0.5934095884754684, "max_iter": 192.32152467891532, "new_lines": 0.1117433960102665, "ngram_range": 0.4803658675888681, "non_ascii": 0.3292843122775876, "norwegian": 0.7176216717100055, "portuguese": 0.49007129909717595, "punctuation_and_lower_cased": 0.7803880160354396, "romanian": 0.06085073424787035, "solver": 0.18815032431894585, "spanish": 0.6798564852684676, "strip_accents": 0.6289428886390985, "swedish": 0.9209042969822407, "vectorizer_selection": 0.43382905104988123, "warm_start": 0.5213544686629907}, "datetime": {"datetime": "2021-09-08 03:12:34", "elapsed": 83.731406, "delta": 28.111219}}
{"target": -2.881204678762341, "params": {"C": 12.167794439757202, "alphanumeric": 0.8679405438936971, "category": 20.07060902885391, "class_weight": 0.8306901784829166, "danish": 0.5237932244354165, "dutch": 0.6898052524768559, "english": 0.3923791780040362, "finnish": 0.3305120395487706, "french": 0.5168237407980187, "german": 0.20529766239840297, "italian": 0.7372347853958116, "lowercase": 0.8124587328373751, "max_iter": 197.05398144862588, "new_lines": 0.9155255448351145, "ngram_range": 0.5953391482681804, "non_ascii": 0.7726774634322826, "norwegian": 0.8215265551818067, "portuguese": 0.7350992799382456, "punctuation_and_lower_cased": 0.10897501123415387, "romanian": 0.20760099139419708, "solver": 0.26052194912268944, "spanish": 0.3391133137974106, "strip_accents": 0.6844490891823067, "swedish": 0.375439079380409, "vectorizer_selection": 0.13457237146457446, "warm_start": 0.760496533626674}, "datetime": {"datetime": "2021-09-08 03:13:09", "elapsed": 118.496225, "delta": 34.764819}}
{"target": -3.0146455512133548, "params": {"C": 27.004080252753354, "alphanumeric": 0.19955431539611712, "category": 20.054894100338835, "class_weight": 0.8116708250750736, "danish": 0.3429839447169971, "dutch": 0.008542473049650279, "english": 0.3825207669147136, "finnish": 0.634797639800126, "french": 0.49445268277691123, "german": 0.4324399719661437, "italian": 0.5527243883208146, "lowercase": 0.7343753259228909, "max_iter": 189.2992079140974, "new_lines": 0.6044568087687817, "ngram_range": 0.29857495270631096, "non_ascii": 0.5067143652609877, "norwegian": 0.6635887175305962, "portuguese": 0.8880373917347465, "punctuation_and_lower_cased": 0.360471824843807, "romanian": 0.375074617052523, "solver": 0.6788594767538634, "spanish": 0.722455674983553, "strip_accents": 0.7994960819230951, "swedish": 0.6415505616608753, "vectorizer_selection": 0.20796937365055712, "warm_start": 0.3454099227175742}, "datetime": {"datetime": "2021-09-08 03:13:37", "elapsed": 147.049365, "delta": 28.55314}}
{"target": -4.3905495302421755, "params": {"C": 29.52246826230018, "alphanumeric": 0.35972860929309014, "category": 20.07541205093272, "class_weight": 0.3969354761517061, "danish": 0.9229578554581704, "dutch": 0.04999740854103529, "english": 0.8993069723248938, "finnish": 0.5035901861585471, "french": 0.8990369650601524, "german": 0.8129290768900472, "italian": 0.3491574230285306, "lowercase": 0.5480608186606756, "max_iter": 158.91678142741617, "new_lines": 0.9208904699707162, "ngram_range": 0.08284314803457438, "non_ascii": 0.17586900892923196, "norwegian": 0.3119530691510125, "portuguese": 0.1410202440653594, "punctuation_and_lower_cased": 0.8635576000026361, "romanian": 0.05429484372900362, "solver": 0.8276697233779353, "spanish": 0.2833663287072289, "strip_accents": 0.7689640933867695, "swedish": 0.3484547934016151, "vectorizer_selection": 0.0785630113954916, "warm_start": 0.572548365475416}, "datetime": {"datetime": "2021-09-08 03:14:06", "elapsed": 175.626699, "delta": 28.577334}}
