{"target": -3.307236137983537, "params": {"C": 41.70220630003735, "alphanumeric": 0.7203244934421581, "category": 11.000011437481735, "class_weight": 0.30233257263183977, "danish": 0.14675589081711304, "dutch": 0.0923385947687978, "english": 0.1862602113776709, "finnish": 0.34556072704304774, "french": 0.39676747423066994, "german": 0.538816734003357, "italian": 0.4191945144032948, "lowercase": 0.6852195003967595, "max_iter": 2052.477974817859, "new_lines": 0.8781174363909454, "ngram_range": 0.027387593197926163, "non_ascii": 0.6704675101784022, "norwegian": 0.41730480236712697, "portuguese": 0.5586898284457517, "punctuation_and_lower_cased": 0.14038693859523377, "romanian": 0.1981014890848788, "solver": 0.8007445686755367, "spanish": 0.9682615757193975, "strip_accents": 0.31342417815924284, "swedish": 0.6923226156693141, "vectorizer_selection": 0.8763891522960383, "warm_start": 0.8946066635038473}, "datetime": {"datetime": "2021-09-08 02:30:23", "elapsed": 0.0, "delta": 0.0}}
{"target": -2.6775870309868095, "params": {"C": 8.504430286535676, "alphanumeric": 0.03905478323288236, "category": 11.016983041956458, "class_weight": 0.8781425034294131, "danish": 0.0983468338330501, "dutch": 0.42110762500505217, "english": 0.9578895301505019, "finnish": 0.5331652849730171, "french": 0.6918771139504734, "german": 0.31551563100606295, "italian": 0.6865009276815837, "lowercase": 0.8346256718973729, "max_iter": 192.69989066847614, "new_lines": 0.7501443149449675, "ngram_range": 0.9888610889064947, "non_ascii": 0.7481656543798394, "norwegian": 0.2804439920644052, "portuguese": 0.7892793284514885, "punctuation_and_lower_cased": 0.10322600657764203, "romanian": 0.44789352617590517, "solver": 0.9085955030930956, "spanish": 0.2936141483736795, "strip_accents": 0.28777533858634874, "swedish": 0.13002857211827767, "vectorizer_selection": 0.019366957870297075, "warm_start": 0.678835532939891}, "datetime": {"datetime": "2021-09-08 02:30:50", "elapsed": 26.542045, "delta": 26.542045}}
{"target": -2.7942159730351284, "params": {"C": 12.08347719703685, "alphanumeric": 0.5096141154371496, "category": 11.099552202637582, "class_weight": 0.4814295165092777, "danish": 0.8378127539029595, "dutch": 0.6036554518101519, "english": 0.6643749440180993, "finnish": 0.27246139216070286, "french": 0.8309332483397108, "german": 0.24446629280188226, "italian": 0.673362439399853, "lowercase": 0.0881300683121029, "max_iter": 198.3319420913921, "new_lines": 0.47234621267571597, "ngram_range": 0.9389951304571027, "non_ascii": 0.3255748194398318, "norwegian": 0.32215301870112867, "portuguese": 0.052030723790467026, "punctuation_and_lower_cased": 0.6752856064960998, "romanian": 0.7217406611930467, "solver": 0.9037177504667223, "spanish": 0.43714861121731796, "strip_accents": 0.10951666213733291, "swedish": 0.037607057994800464, "vectorizer_selection": 0.8807689064851337, "warm_start": 0.6522556436427864}, "datetime": {"datetime": "2021-09-08 02:31:19", "elapsed": 55.956239, "delta": 29.414194}}
{"target": -3.349743656235964, "params": {"C": 0.8953709589130787, "alphanumeric": 0.8450169637994586, "category": 11.048953025771617, "class_weight": 0.1645116015389596, "danish": 0.9091930763535507, "dutch": 0.8851081427301998, "english": 0.06138200806720295, "finnish": 0.9640460574231703, "french": 0.6955321117820364, "german": 0.43412766665815217, "italian": 0.7048227914528143, "lowercase": 0.5934095884754684, "max_iter": 192.32152467891532, "new_lines": 0.1117433960102665, "ngram_range": 0.4803658675888681, "non_ascii": 0.3292843122775876, "norwegian": 0.7176216717100055, "portuguese": 0.49007129909717595, "punctuation_and_lower_cased": 0.7803880160354396, "romanian": 0.06085073424787035, "solver": 0.18815032431894585, "spanish": 0.6798564852684676, "strip_accents": 0.6289428886390985, "swedish": 0.9209042969822407, "vectorizer_selection": 0.43382905104988123, "warm_start": 0.5213544686629907}, "datetime": {"datetime": "2021-09-08 02:31:47", "elapsed": 83.292479, "delta": 27.33624}}
{"target": -2.2407217873556977, "params": {"C": 12.167794439757202, "alphanumeric": 0.8679405438936971, "category": 11.070609028853907, "class_weight": 0.8306901784829166, "danish": 0.5237932244354165, "dutch": 0.6898052524768559, "english": 0.3923791780040362, "finnish": 0.3305120395487706, "french": 0.5168237407980187, "german": 0.20529766239840297, "italian": 0.7372347853958116, "lowercase": 0.8124587328373751, "max_iter": 197.05398144862588, "new_lines": 0.9155255448351145, "ngram_range": 0.5953391482681804, "non_ascii": 0.7726774634322826, "norwegian": 0.8215265551818067, "portuguese": 0.7350992799382456, "punctuation_and_lower_cased": 0.10897501123415387, "romanian": 0.20760099139419708, "solver": 0.26052194912268944, "spanish": 0.3391133137974106, "strip_accents": 0.6844490891823067, "swedish": 0.375439079380409, "vectorizer_selection": 0.13457237146457446, "warm_start": 0.760496533626674}, "datetime": {"datetime": "2021-09-08 02:32:20", "elapsed": 116.855642, "delta": 33.563163}}
{"target": -2.7507314389705817, "params": {"C": 18.34192026671227, "alphanumeric": 0.15363744095915532, "category": 11.057473977438441, "class_weight": 0.0017768585837037998, "danish": 0.46696098074251446, "dutch": 0.008207553864954864, "english": 0.8807307072445211, "finnish": 0.2615747572352918, "french": 0.336683779784409, "german": 0.21939975521393495, "italian": 0.14412649101305397, "lowercase": 0.19098009346706402, "max_iter": 192.1646979312215, "new_lines": 0.6813767253027228, "ngram_range": 0.750262485832143, "non_ascii": 0.5349528597933101, "norwegian": 0.9981624048565342, "portuguese": 0.10744066496076587, "punctuation_and_lower_cased": 0.14165862907184268, "romanian": 0.8788515004103751, "solver": 0.38089644351623986, "spanish": 0.9917799844888787, "strip_accents": 0.7254066203065964, "swedish": 0.2447372442698732, "vectorizer_selection": 0.9357247641675752, "warm_start": 0.42613490872930815}, "datetime": {"datetime": "2021-09-08 02:32:52", "elapsed": 148.406394, "delta": 31.550752}}
{"target": -2.3138623699231085, "params": {"C": 29.501711019979076, "alphanumeric": 0.7987121036623014, "category": 11.081160267218815, "class_weight": 0.7767078821540666, "danish": 0.4735670863702196, "dutch": 0.7069466160763749, "english": 0.1737011755474741, "finnish": 0.9892125788610306, "french": 0.5972987687195296, "german": 0.3439280862504359, "italian": 0.9854109866862087, "lowercase": 0.8690191060879446, "max_iter": 1181.2664480626465, "new_lines": 0.14669366889574897, "ngram_range": 0.4707649842933418, "non_ascii": 0.041760097618472214, "norwegian": 0.08555568690828985, "portuguese": 0.25773143005196664, "punctuation_and_lower_cased": 0.6305283498445601, "romanian": 0.4317769476646828, "solver": 0.5643162645734405, "spanish": 0.4683942241987592, "strip_accents": 0.32950180179876054, "swedish": 0.743077045726032, "vectorizer_selection": 0.07303980978632407, "warm_start": 0.03810506275287806}, "datetime": {"datetime": "2021-09-08 02:33:22", "elapsed": 179.047412, "delta": 30.641018}}
